{"/Users/jeremypress/Box Sync/documents/school/senior year/cs169/tempo/spec/javascripts/user_login_model_spec.js":{"path":"/Users/jeremypress/Box Sync/documents/school/senior year/cs169/tempo/spec/javascripts/user_login_model_spec.js","s":{"1":1,"2":0,"3":0,"4":0,"5":0,"6":0,"7":0,"8":0,"9":0,"10":0},"b":{},"f":{"1":0,"2":0,"3":0},"fnMap":{"1":{"name":"(anonymous_1)","line":1,"loc":{"start":{"line":1,"column":29},"end":{"line":1,"column":40}}},"2":{"name":"(anonymous_2)","line":2,"loc":{"start":{"line":2,"column":13},"end":{"line":2,"column":24}}},"3":{"name":"(anonymous_3)","line":11,"loc":{"start":{"line":11,"column":56},"end":{"line":11,"column":67}}}},"statementMap":{"1":{"start":{"line":1,"column":0},"end":{"line":15,"column":3}},"2":{"start":{"line":2,"column":2},"end":{"line":9,"column":5}},"3":{"start":{"line":3,"column":4},"end":{"line":3,"column":61}},"4":{"start":{"line":4,"column":4},"end":{"line":4,"column":34}},"5":{"start":{"line":5,"column":4},"end":{"line":7,"column":17}},"6":{"start":{"line":6,"column":6},"end":{"line":6,"column":60}},"7":{"start":{"line":8,"column":4},"end":{"line":8,"column":38}},"8":{"start":{"line":11,"column":2},"end":{"line":14,"column":5}},"9":{"start":{"line":12,"column":4},"end":{"line":12,"column":35}},"10":{"start":{"line":13,"column":4},"end":{"line":13,"column":50}}},"branchMap":{}}}