{"/Users/jeremypress/Box Sync/documents/school/senior year/cs169/tempo/spec/javascripts/player_spec.js":{"path":"/Users/jeremypress/Box Sync/documents/school/senior year/cs169/tempo/spec/javascripts/player_spec.js","s":{"1":1,"2":0,"3":0,"4":0,"5":0,"6":0,"7":0,"8":0,"9":0,"10":0,"11":0,"12":0,"13":0,"14":0,"15":0,"16":0,"17":0,"18":0,"19":0,"20":0,"21":0,"22":0,"23":0,"24":0,"25":0,"26":0,"27":0,"28":0,"29":0,"30":0,"31":0},"b":{},"f":{"1":0,"2":0,"3":0,"4":0,"5":0,"6":0,"7":0,"8":0,"9":0,"10":0,"11":0},"fnMap":{"1":{"name":"(anonymous_1)","line":1,"loc":{"start":{"line":1,"column":19},"end":{"line":1,"column":30}}},"2":{"name":"(anonymous_2)","line":5,"loc":{"start":{"line":5,"column":13},"end":{"line":5,"column":24}}},"3":{"name":"(anonymous_3)","line":10,"loc":{"start":{"line":10,"column":38},"end":{"line":10,"column":49}}},"4":{"name":"(anonymous_4)","line":18,"loc":{"start":{"line":18,"column":40},"end":{"line":18,"column":51}}},"5":{"name":"(anonymous_5)","line":19,"loc":{"start":{"line":19,"column":15},"end":{"line":19,"column":26}}},"6":{"name":"(anonymous_6)","line":24,"loc":{"start":{"line":24,"column":60},"end":{"line":24,"column":71}}},"7":{"name":"(anonymous_7)","line":31,"loc":{"start":{"line":31,"column":39},"end":{"line":31,"column":50}}},"8":{"name":"(anonymous_8)","line":39,"loc":{"start":{"line":39,"column":66},"end":{"line":39,"column":77}}},"9":{"name":"(anonymous_9)","line":49,"loc":{"start":{"line":49,"column":22},"end":{"line":49,"column":33}}},"10":{"name":"(anonymous_10)","line":50,"loc":{"start":{"line":50,"column":63},"end":{"line":50,"column":74}}},"11":{"name":"(anonymous_11)","line":53,"loc":{"start":{"line":53,"column":13},"end":{"line":53,"column":24}}}},"statementMap":{"1":{"start":{"line":1,"column":0},"end":{"line":58,"column":3}},"2":{"start":{"line":2,"column":2},"end":{"line":2,"column":13}},"3":{"start":{"line":3,"column":2},"end":{"line":3,"column":11}},"4":{"start":{"line":5,"column":2},"end":{"line":8,"column":5}},"5":{"start":{"line":6,"column":4},"end":{"line":6,"column":26}},"6":{"start":{"line":7,"column":4},"end":{"line":7,"column":22}},"7":{"start":{"line":10,"column":2},"end":{"line":16,"column":5}},"8":{"start":{"line":11,"column":4},"end":{"line":11,"column":22}},"9":{"start":{"line":12,"column":4},"end":{"line":12,"column":54}},"10":{"start":{"line":15,"column":4},"end":{"line":15,"column":37}},"11":{"start":{"line":18,"column":2},"end":{"line":36,"column":5}},"12":{"start":{"line":19,"column":4},"end":{"line":22,"column":7}},"13":{"start":{"line":20,"column":6},"end":{"line":20,"column":24}},"14":{"start":{"line":21,"column":6},"end":{"line":21,"column":21}},"15":{"start":{"line":24,"column":4},"end":{"line":29,"column":7}},"16":{"start":{"line":25,"column":6},"end":{"line":25,"column":43}},"17":{"start":{"line":28,"column":6},"end":{"line":28,"column":43}},"18":{"start":{"line":31,"column":4},"end":{"line":35,"column":7}},"19":{"start":{"line":32,"column":6},"end":{"line":32,"column":22}},"20":{"start":{"line":33,"column":6},"end":{"line":33,"column":44}},"21":{"start":{"line":34,"column":6},"end":{"line":34,"column":56}},"22":{"start":{"line":39,"column":2},"end":{"line":46,"column":5}},"23":{"start":{"line":40,"column":4},"end":{"line":40,"column":41}},"24":{"start":{"line":42,"column":4},"end":{"line":42,"column":22}},"25":{"start":{"line":43,"column":4},"end":{"line":43,"column":26}},"26":{"start":{"line":45,"column":4},"end":{"line":45,"column":66}},"27":{"start":{"line":49,"column":2},"end":{"line":57,"column":5}},"28":{"start":{"line":50,"column":4},"end":{"line":56,"column":7}},"29":{"start":{"line":51,"column":6},"end":{"line":51,"column":24}},"30":{"start":{"line":53,"column":6},"end":{"line":55,"column":49}},"31":{"start":{"line":54,"column":8},"end":{"line":54,"column":24}}},"branchMap":{}}}