<?xml version="1.0" ?>
<!DOCTYPE coverage SYSTEM "http://cobertura.sourceforge.net/xml/coverage-04.dtd">
<coverage lines-valid="3570"  lines-covered="1012"  line-rate="0.28350000000000003"  branches-valid="2404"  branches-covered="418"  branch-rate="0.1739"  timestamp="1446795565556" complexity="0" version="0.1">
<sources>
	<source>/Users/jeremypress/Box Sync/documents/school/senior year/cs169/tempo</source>
</sources>
<packages>
	<package name="app.assets.javascripts"  line-rate="0.46990000000000004"  branch-rate="0.1714" >
	<classes>
		<class name="account_activations.coffee"  filename="app/assets/javascripts/account_activations.coffee"  line-rate="1"  branch-rate="1" >
		<methods>
			<method name="(anonymous_1)"  hits="1"  signature="()V" >
				<lines><line number="1"  hits="1" /></lines>
			</method>
		</methods>
		<lines>
			<line number="1"  hits="1"  branch="false" />
		</lines>
		</class>
		<class name="activities.coffee"  filename="app/assets/javascripts/activities.coffee"  line-rate="1"  branch-rate="1" >
		<methods>
			<method name="(anonymous_1)"  hits="1"  signature="()V" >
				<lines><line number="1"  hits="1" /></lines>
			</method>
		</methods>
		<lines>
			<line number="1"  hits="1"  branch="false" />
		</lines>
		</class>
		<class name="application.js"  filename="app/assets/javascripts/application.js"  line-rate="1"  branch-rate="1" >
		<methods>
			<method name="(anonymous_1)"  hits="1"  signature="()V" >
				<lines><line number="34"  hits="1" /></lines>
			</method>
			<method name="(anonymous_2)"  hits="1"  signature="()V" >
				<lines><line number="40"  hits="1" /></lines>
			</method>
		</methods>
		<lines>
			<line number="34"  hits="1"  branch="false" />
			<line number="35"  hits="1"  branch="false" />
			<line number="41"  hits="1"  branch="false" />
			<line number="43"  hits="1"  branch="false" />
			<line number="44"  hits="1"  branch="false" />
			<line number="48"  hits="1"  branch="false" />
		</lines>
		</class>
		<class name="interests.coffee"  filename="app/assets/javascripts/interests.coffee"  line-rate="1"  branch-rate="1" >
		<methods>
			<method name="(anonymous_1)"  hits="1"  signature="()V" >
				<lines><line number="1"  hits="1" /></lines>
			</method>
		</methods>
		<lines>
			<line number="1"  hits="1"  branch="false" />
		</lines>
		</class>
		<class name="js.cookie.js"  filename="app/assets/javascripts/js.cookie.js"  line-rate="0.3529"  branch-rate="0.1714" >
		<methods>
			<method name="(anonymous_1)"  hits="1"  signature="()V" >
				<lines><line number="9"  hits="1" /></lines>
			</method>
			<method name="(anonymous_2)"  hits="0"  signature="()V" >
				<lines><line number="17"  hits="0" /></lines>
			</method>
			<method name="(anonymous_3)"  hits="1"  signature="()V" >
				<lines><line number="22"  hits="1" /></lines>
			</method>
			<method name="extend"  hits="0"  signature="()V" >
				<lines><line number="23"  hits="0" /></lines>
			</method>
			<method name="init"  hits="1"  signature="()V" >
				<lines><line number="35"  hits="1" /></lines>
			</method>
			<method name="api"  hits="2"  signature="()V" >
				<lines><line number="36"  hits="2" /></lines>
			</method>
			<method name="(anonymous_7)"  hits="0"  signature="()V" >
				<lines><line number="121"  hits="0" /></lines>
			</method>
			<method name="(anonymous_8)"  hits="0"  signature="()V" >
				<lines><line number="128"  hits="0" /></lines>
			</method>
		</methods>
		<lines>
			<line number="9"  hits="1"  branch="false" />
			<line number="10"  hits="1"  branch="true"  condition-coverage="50% (2/4)" />
			<line number="11"  hits="0"  branch="false" />
			<line number="12"  hits="1"  branch="true"  condition-coverage="50% (1/2)" />
			<line number="13"  hits="0"  branch="false" />
			<line number="15"  hits="1"  branch="false" />
			<line number="16"  hits="1"  branch="false" />
			<line number="17"  hits="1"  branch="false" />
			<line number="18"  hits="0"  branch="false" />
			<line number="19"  hits="0"  branch="false" />
			<line number="23"  hits="1"  branch="false" />
			<line number="24"  hits="0"  branch="false" />
			<line number="25"  hits="0"  branch="false" />
			<line number="26"  hits="0"  branch="false" />
			<line number="27"  hits="0"  branch="false" />
			<line number="28"  hits="0"  branch="false" />
			<line number="29"  hits="0"  branch="false" />
			<line number="32"  hits="0"  branch="false" />
			<line number="35"  hits="1"  branch="false" />
			<line number="36"  hits="1"  branch="false" />
			<line number="37"  hits="2"  branch="false" />
			<line number="41"  hits="2"  branch="true"  condition-coverage="50% (1/2)" />
			<line number="42"  hits="0"  branch="false" />
			<line number="46"  hits="0"  branch="true"  condition-coverage="0% (0/2)" />
			<line number="47"  hits="0"  branch="false" />
			<line number="48"  hits="0"  branch="false" />
			<line number="49"  hits="0"  branch="false" />
			<line number="52"  hits="0"  branch="false" />
			<line number="53"  hits="0"  branch="false" />
			<line number="54"  hits="0"  branch="true"  condition-coverage="0% (0/2)" />
			<line number="55"  hits="0"  branch="false" />
			<line number="59"  hits="0"  branch="false" />
			<line number="60"  hits="0"  branch="false" />
			<line number="62"  hits="0"  branch="false" />
			<line number="63"  hits="0"  branch="false" />
			<line number="64"  hits="0"  branch="false" />
			<line number="66"  hits="0"  branch="false" />
			<line number="77"  hits="2"  branch="true"  condition-coverage="50% (1/2)" />
			<line number="78"  hits="0"  branch="false" />
			<line number="84"  hits="2"  branch="true"  condition-coverage="50% (1/2)" />
			<line number="85"  hits="2"  branch="false" />
			<line number="86"  hits="2"  branch="false" />
			<line number="88"  hits="2"  branch="false" />
			<line number="89"  hits="0"  branch="false" />
			<line number="90"  hits="0"  branch="false" />
			<line number="91"  hits="0"  branch="false" />
			<line number="93"  hits="0"  branch="true"  condition-coverage="0% (0/2)" />
			<line number="94"  hits="0"  branch="false" />
			<line number="97"  hits="0"  branch="false" />
			<line number="98"  hits="0"  branch="true"  condition-coverage="0% (0/3)" />
			<line number="100"  hits="0"  branch="true"  condition-coverage="0% (0/2)" />
			<line number="101"  hits="0"  branch="false" />
			<line number="102"  hits="0"  branch="false" />
			<line number="106"  hits="0"  branch="true"  condition-coverage="0% (0/2)" />
			<line number="107"  hits="0"  branch="false" />
			<line number="108"  hits="0"  branch="false" />
			<line number="111"  hits="0"  branch="true"  condition-coverage="0% (0/2)" />
			<line number="112"  hits="0"  branch="false" />
			<line number="117"  hits="2"  branch="false" />
			<line number="120"  hits="1"  branch="false" />
			<line number="121"  hits="1"  branch="false" />
			<line number="122"  hits="0"  branch="false" />
			<line number="126"  hits="1"  branch="false" />
			<line number="128"  hits="1"  branch="false" />
			<line number="129"  hits="0"  branch="false" />
			<line number="134"  hits="1"  branch="false" />
			<line number="136"  hits="1"  branch="false" />
			<line number="139"  hits="1"  branch="false" />
		</lines>
		</class>
		<class name="sessions.coffee"  filename="app/assets/javascripts/sessions.coffee"  line-rate="1"  branch-rate="1" >
		<methods>
			<method name="(anonymous_1)"  hits="1"  signature="()V" >
				<lines><line number="1"  hits="1" /></lines>
			</method>
		</methods>
		<lines>
			<line number="1"  hits="1"  branch="false" />
		</lines>
		</class>
		<class name="tempo.js"  filename="app/assets/javascripts/tempo.js"  line-rate="1"  branch-rate="1" >
		<methods>
			<method name="(anonymous_1)"  hits="1"  signature="()V" >
				<lines><line number="6"  hits="1" /></lines>
			</method>
			<method name="(anonymous_2)"  hits="1"  signature="()V" >
				<lines><line number="11"  hits="1" /></lines>
			</method>
		</methods>
		<lines>
			<line number="1"  hits="1"  branch="false" />
			<line number="7"  hits="1"  branch="false" />
			<line number="11"  hits="1"  branch="false" />
			<line number="12"  hits="1"  branch="false" />
		</lines>
		</class>
		<class name="users.coffee"  filename="app/assets/javascripts/users.coffee"  line-rate="1"  branch-rate="1" >
		<methods>
			<method name="(anonymous_1)"  hits="1"  signature="()V" >
				<lines><line number="1"  hits="1" /></lines>
			</method>
		</methods>
		<lines>
			<line number="1"  hits="1"  branch="false" />
		</lines>
		</class>
	</classes>
	</package>
	<package name="app.assets.javascripts.backbone.collections"  line-rate="0.5714"  branch-rate="1" >
	<classes>
		<class name="activities.js"  filename="app/assets/javascripts/backbone/collections/activities.js"  line-rate="0.5"  branch-rate="1" >
		<methods>
			<method name="(anonymous_1)"  hits="0"  signature="()V" >
				<lines><line number="5"  hits="0" /></lines>
			</method>
		</methods>
		<lines>
			<line number="2"  hits="1"  branch="false" />
			<line number="7"  hits="0"  branch="false" />
		</lines>
		</class>
		<class name="customActivities.js"  filename="app/assets/javascripts/backbone/collections/customActivities.js"  line-rate="0.5"  branch-rate="1" >
		<methods>
			<method name="(anonymous_1)"  hits="0"  signature="()V" >
				<lines><line number="5"  hits="0" /></lines>
			</method>
		</methods>
		<lines>
			<line number="2"  hits="1"  branch="false" />
			<line number="7"  hits="0"  branch="false" />
		</lines>
		</class>
		<class name="interests.js"  filename="app/assets/javascripts/backbone/collections/interests.js"  line-rate="0.5"  branch-rate="1" >
		<methods>
			<method name="(anonymous_1)"  hits="0"  signature="()V" >
				<lines><line number="19"  hits="0" /></lines>
			</method>
		</methods>
		<lines>
			<line number="2"  hits="1"  branch="false" />
			<line number="20"  hits="0"  branch="false" />
		</lines>
		</class>
		<class name="times.js"  filename="app/assets/javascripts/backbone/collections/times.js"  line-rate="1"  branch-rate="1" >
		<methods>
			<method name="(anonymous_1)"  hits="2"  signature="()V" >
				<lines><line number="3"  hits="2" /></lines>
			</method>
		</methods>
		<lines>
			<line number="2"  hits="1"  branch="false" />
		</lines>
		</class>
	</classes>
	</package>
	<package name="app.assets.javascripts.backbone.models"  line-rate="0.3478"  branch-rate="0" >
	<classes>
		<class name="ActivityModel.js"  filename="app/assets/javascripts/backbone/models/ActivityModel.js"  line-rate="1"  branch-rate="1" >
		<methods>
		</methods>
		<lines>
			<line number="1"  hits="1"  branch="false" />
		</lines>
		</class>
		<class name="CustomActivityModel.js"  filename="app/assets/javascripts/backbone/models/CustomActivityModel.js"  line-rate="0.1429"  branch-rate="0" >
		<methods>
			<method name="(anonymous_1)"  hits="0"  signature="()V" >
				<lines><line number="10"  hits="0" /></lines>
			</method>
		</methods>
		<lines>
			<line number="1"  hits="1"  branch="false" />
			<line number="11"  hits="0"  branch="true"  condition-coverage="0% (0/2)" />
			<line number="12"  hits="0"  branch="false" />
			<line number="14"  hits="0"  branch="true"  condition-coverage="0% (0/2)" />
			<line number="15"  hits="0"  branch="false" />
			<line number="16"  hits="0"  branch="true"  condition-coverage="0% (0/2)" />
			<line number="17"  hits="0"  branch="false" />
		</lines>
		</class>
		<class name="InterestModel.js"  filename="app/assets/javascripts/backbone/models/InterestModel.js"  line-rate="1"  branch-rate="1" >
		<methods>
		</methods>
		<lines>
			<line number="1"  hits="1"  branch="false" />
		</lines>
		</class>
		<class name="TimeModel.js"  filename="app/assets/javascripts/backbone/models/TimeModel.js"  line-rate="1"  branch-rate="1" >
		<methods>
		</methods>
		<lines>
			<line number="1"  hits="1"  branch="false" />
		</lines>
		</class>
		<class name="Token.js"  filename="app/assets/javascripts/backbone/models/Token.js"  line-rate="1"  branch-rate="1" >
		<methods>
		</methods>
		<lines>
			<line number="1"  hits="1"  branch="false" />
		</lines>
		</class>
		<class name="UserLoginModel.js"  filename="app/assets/javascripts/backbone/models/UserLoginModel.js"  line-rate="0.1"  branch-rate="0" >
		<methods>
			<method name="(anonymous_1)"  hits="0"  signature="()V" >
				<lines><line number="7"  hits="0" /></lines>
			</method>
		</methods>
		<lines>
			<line number="1"  hits="1"  branch="false" />
			<line number="8"  hits="0"  branch="true"  condition-coverage="0% (0/4)" />
			<line number="9"  hits="0"  branch="false" />
			<line number="10"  hits="0"  branch="false" />
			<line number="11"  hits="0"  branch="false" />
			<line number="14"  hits="0"  branch="true"  condition-coverage="0% (0/2)" />
			<line number="15"  hits="0"  branch="true"  condition-coverage="0% (0/4)" />
			<line number="16"  hits="0"  branch="false" />
			<line number="19"  hits="0"  branch="true"  condition-coverage="0% (0/2)" />
			<line number="20"  hits="0"  branch="false" />
		</lines>
		</class>
		<class name="UserModel.js"  filename="app/assets/javascripts/backbone/models/UserModel.js"  line-rate="1"  branch-rate="1" >
		<methods>
		</methods>
		<lines>
			<line number="1"  hits="1"  branch="false" />
		</lines>
		</class>
		<class name="UserRegistrationModel.js"  filename="app/assets/javascripts/backbone/models/UserRegistrationModel.js"  line-rate="1"  branch-rate="1" >
		<methods>
		</methods>
		<lines>
			<line number="1"  hits="1"  branch="false" />
		</lines>
		</class>
	</classes>
	</package>
	<package name="app.assets.javascripts.backbone.routers"  line-rate="0.39659999999999995"  branch-rate="0.6667000000000001" >
	<classes>
		<class name="tempo_router.js"  filename="app/assets/javascripts/backbone/routers/tempo_router.js"  line-rate="0.39659999999999995"  branch-rate="0.6667000000000001" >
		<methods>
			<method name="(anonymous_1)"  hits="2"  signature="()V" >
				<lines><line number="1"  hits="2" /></lines>
			</method>
			<method name="(anonymous_2)"  hits="0"  signature="()V" >
				<lines><line number="14"  hits="0" /></lines>
			</method>
			<method name="(anonymous_3)"  hits="0"  signature="()V" >
				<lines><line number="17"  hits="0" /></lines>
			</method>
			<method name="(anonymous_4)"  hits="2"  signature="()V" >
				<lines><line number="25"  hits="2" /></lines>
			</method>
			<method name="(anonymous_5)"  hits="2"  signature="()V" >
				<lines><line number="58"  hits="2" /></lines>
			</method>
			<method name="(anonymous_6)"  hits="2"  signature="()V" >
				<lines><line number="69"  hits="2" /></lines>
			</method>
			<method name="(anonymous_7)"  hits="0"  signature="()V" >
				<lines><line number="74"  hits="0" /></lines>
			</method>
			<method name="(anonymous_8)"  hits="0"  signature="()V" >
				<lines><line number="79"  hits="0" /></lines>
			</method>
			<method name="(anonymous_9)"  hits="0"  signature="()V" >
				<lines><line number="84"  hits="0" /></lines>
			</method>
			<method name="(anonymous_10)"  hits="0"  signature="()V" >
				<lines><line number="89"  hits="0" /></lines>
			</method>
			<method name="(anonymous_11)"  hits="0"  signature="()V" >
				<lines><line number="94"  hits="0" /></lines>
			</method>
			<method name="(anonymous_12)"  hits="0"  signature="()V" >
				<lines><line number="98"  hits="0" /></lines>
			</method>
			<method name="(anonymous_13)"  hits="0"  signature="()V" >
				<lines><line number="102"  hits="0" /></lines>
			</method>
			<method name="(anonymous_14)"  hits="0"  signature="()V" >
				<lines><line number="111"  hits="0" /></lines>
			</method>
			<method name="(anonymous_15)"  hits="0"  signature="()V" >
				<lines><line number="117"  hits="0" /></lines>
			</method>
		</methods>
		<lines>
			<line number="1"  hits="1"  branch="false" />
			<line number="2"  hits="2"  branch="false" />
			<line number="3"  hits="2"  branch="false" />
			<line number="4"  hits="2"  branch="false" />
			<line number="5"  hits="2"  branch="false" />
			<line number="9"  hits="2"  branch="true"  condition-coverage="75% (3/4)" />
			<line number="10"  hits="2"  branch="false" />
			<line number="11"  hits="2"  branch="false" />
			<line number="13"  hits="0"  branch="false" />
			<line number="15"  hits="0"  branch="false" />
			<line number="18"  hits="0"  branch="false" />
			<line number="25"  hits="1"  branch="false" />
			<line number="26"  hits="2"  branch="true"  condition-coverage="50% (1/2)" />
			<line number="27"  hits="2"  branch="false" />
			<line number="28"  hits="2"  branch="false" />
			<line number="30"  hits="0"  branch="false" />
			<line number="31"  hits="0"  branch="false" />
			<line number="32"  hits="0"  branch="false" />
			<line number="33"  hits="0"  branch="false" />
			<line number="34"  hits="0"  branch="false" />
			<line number="35"  hits="0"  branch="false" />
			<line number="36"  hits="0"  branch="false" />
			<line number="37"  hits="0"  branch="false" />
			<line number="38"  hits="0"  branch="false" />
			<line number="44"  hits="1"  branch="false" />
			<line number="59"  hits="2"  branch="false" />
			<line number="60"  hits="2"  branch="false" />
			<line number="61"  hits="2"  branch="false" />
			<line number="62"  hits="2"  branch="false" />
			<line number="63"  hits="2"  branch="false" />
			<line number="64"  hits="2"  branch="false" />
			<line number="65"  hits="2"  branch="false" />
			<line number="66"  hits="2"  branch="false" />
			<line number="70"  hits="2"  branch="false" />
			<line number="71"  hits="2"  branch="false" />
			<line number="75"  hits="0"  branch="false" />
			<line number="76"  hits="0"  branch="false" />
			<line number="80"  hits="0"  branch="false" />
			<line number="81"  hits="0"  branch="false" />
			<line number="85"  hits="0"  branch="false" />
			<line number="86"  hits="0"  branch="false" />
			<line number="90"  hits="0"  branch="false" />
			<line number="91"  hits="0"  branch="false" />
			<line number="95"  hits="0"  branch="false" />
			<line number="96"  hits="0"  branch="false" />
			<line number="99"  hits="0"  branch="false" />
			<line number="100"  hits="0"  branch="false" />
			<line number="104"  hits="0"  branch="false" />
			<line number="105"  hits="0"  branch="false" />
			<line number="106"  hits="0"  branch="false" />
			<line number="107"  hits="0"  branch="false" />
			<line number="108"  hits="0"  branch="false" />
			<line number="109"  hits="0"  branch="false" />
			<line number="112"  hits="0"  branch="false" />
			<line number="114"  hits="0"  branch="false" />
			<line number="115"  hits="0"  branch="false" />
			<line number="118"  hits="0"  branch="false" />
			<line number="120"  hits="0"  branch="false" />
		</lines>
		</class>
	</classes>
	</package>
	<package name="app.assets.javascripts.backbone.templates.activities"  line-rate="1"  branch-rate="0.275" >
	<classes>
		<class name="activity.jst.ejs"  filename="app/assets/javascripts/backbone/templates/activities/activity.jst.ejs"  line-rate="1"  branch-rate="0.5" >
		<methods>
			<method name="(anonymous_1)"  hits="1"  signature="()V" >
				<lines><line number="1"  hits="1" /></lines>
			</method>
			<method name="(anonymous_2)"  hits="0"  signature="()V" >
				<lines><line number="1"  hits="0" /></lines>
			</method>
			<method name="(anonymous_3)"  hits="0"  signature="()V" >
				<lines><line number="1"  hits="0" /></lines>
			</method>
		</methods>
		<lines>
			<line number="1"  hits="1"  branch="true"  condition-coverage="50% (2/4)" />
		</lines>
		</class>
		<class name="customActivity.jst.ejs"  filename="app/assets/javascripts/backbone/templates/activities/customActivity.jst.ejs"  line-rate="1"  branch-rate="0.25" >
		<methods>
			<method name="(anonymous_1)"  hits="1"  signature="()V" >
				<lines><line number="1"  hits="1" /></lines>
			</method>
			<method name="(anonymous_2)"  hits="0"  signature="()V" >
				<lines><line number="1"  hits="0" /></lines>
			</method>
			<method name="(anonymous_3)"  hits="0"  signature="()V" >
				<lines><line number="1"  hits="0" /></lines>
			</method>
		</methods>
		<lines>
			<line number="1"  hits="1"  branch="true"  condition-coverage="25% (1/4)" />
		</lines>
		</class>
		<class name="edit.jst.ejs"  filename="app/assets/javascripts/backbone/templates/activities/edit.jst.ejs"  line-rate="1"  branch-rate="0.25" >
		<methods>
			<method name="(anonymous_1)"  hits="1"  signature="()V" >
				<lines><line number="1"  hits="1" /></lines>
			</method>
			<method name="(anonymous_2)"  hits="0"  signature="()V" >
				<lines><line number="1"  hits="0" /></lines>
			</method>
			<method name="(anonymous_3)"  hits="0"  signature="()V" >
				<lines><line number="1"  hits="0" /></lines>
			</method>
		</methods>
		<lines>
			<line number="1"  hits="1"  branch="true"  condition-coverage="25% (1/4)" />
		</lines>
		</class>
		<class name="home.jst.ejs"  filename="app/assets/javascripts/backbone/templates/activities/home.jst.ejs"  line-rate="1"  branch-rate="0.25" >
		<methods>
			<method name="(anonymous_1)"  hits="1"  signature="()V" >
				<lines><line number="1"  hits="1" /></lines>
			</method>
			<method name="(anonymous_2)"  hits="0"  signature="()V" >
				<lines><line number="1"  hits="0" /></lines>
			</method>
			<method name="(anonymous_3)"  hits="0"  signature="()V" >
				<lines><line number="1"  hits="0" /></lines>
			</method>
			<method name="(anonymous_4)"  hits="0"  signature="()V" >
				<lines><line number="1"  hits="0" /></lines>
			</method>
		</methods>
		<lines>
			<line number="1"  hits="1"  branch="true"  condition-coverage="25% (1/4)" />
		</lines>
		</class>
		<class name="interest.jst.ejs"  filename="app/assets/javascripts/backbone/templates/activities/interest.jst.ejs"  line-rate="1"  branch-rate="0.25" >
		<methods>
			<method name="(anonymous_1)"  hits="1"  signature="()V" >
				<lines><line number="1"  hits="1" /></lines>
			</method>
			<method name="(anonymous_2)"  hits="0"  signature="()V" >
				<lines><line number="1"  hits="0" /></lines>
			</method>
			<method name="(anonymous_3)"  hits="0"  signature="()V" >
				<lines><line number="1"  hits="0" /></lines>
			</method>
		</methods>
		<lines>
			<line number="1"  hits="1"  branch="true"  condition-coverage="25% (1/4)" />
		</lines>
		</class>
		<class name="modal.jst.ejs"  filename="app/assets/javascripts/backbone/templates/activities/modal.jst.ejs"  line-rate="1"  branch-rate="0.25" >
		<methods>
			<method name="(anonymous_1)"  hits="1"  signature="()V" >
				<lines><line number="1"  hits="1" /></lines>
			</method>
			<method name="(anonymous_2)"  hits="0"  signature="()V" >
				<lines><line number="1"  hits="0" /></lines>
			</method>
			<method name="(anonymous_3)"  hits="0"  signature="()V" >
				<lines><line number="1"  hits="0" /></lines>
			</method>
		</methods>
		<lines>
			<line number="1"  hits="1"  branch="true"  condition-coverage="25% (1/4)" />
		</lines>
		</class>
		<class name="new.jst.ejs"  filename="app/assets/javascripts/backbone/templates/activities/new.jst.ejs"  line-rate="1"  branch-rate="0.25" >
		<methods>
			<method name="(anonymous_1)"  hits="1"  signature="()V" >
				<lines><line number="1"  hits="1" /></lines>
			</method>
			<method name="(anonymous_2)"  hits="0"  signature="()V" >
				<lines><line number="1"  hits="0" /></lines>
			</method>
			<method name="(anonymous_3)"  hits="0"  signature="()V" >
				<lines><line number="1"  hits="0" /></lines>
			</method>
		</methods>
		<lines>
			<line number="1"  hits="1"  branch="true"  condition-coverage="25% (1/4)" />
		</lines>
		</class>
		<class name="settings.jst.ejs"  filename="app/assets/javascripts/backbone/templates/activities/settings.jst.ejs"  line-rate="1"  branch-rate="0.25" >
		<methods>
			<method name="(anonymous_1)"  hits="1"  signature="()V" >
				<lines><line number="1"  hits="1" /></lines>
			</method>
			<method name="(anonymous_2)"  hits="0"  signature="()V" >
				<lines><line number="1"  hits="0" /></lines>
			</method>
			<method name="(anonymous_3)"  hits="0"  signature="()V" >
				<lines><line number="1"  hits="0" /></lines>
			</method>
		</methods>
		<lines>
			<line number="1"  hits="1"  branch="true"  condition-coverage="25% (1/4)" />
		</lines>
		</class>
		<class name="show.jst.ejs"  filename="app/assets/javascripts/backbone/templates/activities/show.jst.ejs"  line-rate="1"  branch-rate="0.25" >
		<methods>
			<method name="(anonymous_1)"  hits="1"  signature="()V" >
				<lines><line number="1"  hits="1" /></lines>
			</method>
			<method name="(anonymous_2)"  hits="0"  signature="()V" >
				<lines><line number="1"  hits="0" /></lines>
			</method>
			<method name="(anonymous_3)"  hits="0"  signature="()V" >
				<lines><line number="1"  hits="0" /></lines>
			</method>
		</methods>
		<lines>
			<line number="1"  hits="1"  branch="true"  condition-coverage="25% (1/4)" />
		</lines>
		</class>
		<class name="test.jst.ejs"  filename="app/assets/javascripts/backbone/templates/activities/test.jst.ejs"  line-rate="1"  branch-rate="0.25" >
		<methods>
			<method name="(anonymous_1)"  hits="1"  signature="()V" >
				<lines><line number="1"  hits="1" /></lines>
			</method>
			<method name="(anonymous_2)"  hits="0"  signature="()V" >
				<lines><line number="1"  hits="0" /></lines>
			</method>
			<method name="(anonymous_3)"  hits="0"  signature="()V" >
				<lines><line number="1"  hits="0" /></lines>
			</method>
		</methods>
		<lines>
			<line number="1"  hits="1"  branch="true"  condition-coverage="25% (1/4)" />
		</lines>
		</class>
	</classes>
	</package>
	<package name="app.assets.javascripts.backbone.templates.unauthenticated"  line-rate="1"  branch-rate="0.375" >
	<classes>
		<class name="login.jst.ejs"  filename="app/assets/javascripts/backbone/templates/unauthenticated/login.jst.ejs"  line-rate="1"  branch-rate="0.5" >
		<methods>
			<method name="(anonymous_1)"  hits="1"  signature="()V" >
				<lines><line number="1"  hits="1" /></lines>
			</method>
			<method name="(anonymous_2)"  hits="2"  signature="()V" >
				<lines><line number="1"  hits="2" /></lines>
			</method>
			<method name="(anonymous_3)"  hits="0"  signature="()V" >
				<lines><line number="1"  hits="0" /></lines>
			</method>
		</methods>
		<lines>
			<line number="1"  hits="2"  branch="true"  condition-coverage="50% (2/4)" />
		</lines>
		</class>
		<class name="signup.jst.ejs"  filename="app/assets/javascripts/backbone/templates/unauthenticated/signup.jst.ejs"  line-rate="1"  branch-rate="0.25" >
		<methods>
			<method name="(anonymous_1)"  hits="1"  signature="()V" >
				<lines><line number="1"  hits="1" /></lines>
			</method>
			<method name="(anonymous_2)"  hits="0"  signature="()V" >
				<lines><line number="1"  hits="0" /></lines>
			</method>
			<method name="(anonymous_3)"  hits="0"  signature="()V" >
				<lines><line number="1"  hits="0" /></lines>
			</method>
		</methods>
		<lines>
			<line number="1"  hits="1"  branch="true"  condition-coverage="25% (1/4)" />
		</lines>
		</class>
	</classes>
	</package>
	<package name="app.assets.javascripts.backbone.views"  line-rate="0.1898"  branch-rate="0.1" >
	<classes>
		<class name="activities_view.js"  filename="app/assets/javascripts/backbone/views/activities_view.js"  line-rate="0.1818"  branch-rate="0" >
		<methods>
			<method name="(anonymous_1)"  hits="2"  signature="()V" >
				<lines><line number="8"  hits="2" /></lines>
			</method>
			<method name="(anonymous_2)"  hits="0"  signature="()V" >
				<lines><line number="13"  hits="0" /></lines>
			</method>
			<method name="(anonymous_3)"  hits="0"  signature="()V" >
				<lines><line number="18"  hits="0" /></lines>
			</method>
			<method name="(anonymous_4)"  hits="0"  signature="()V" >
				<lines><line number="22"  hits="0" /></lines>
			</method>
			<method name="(anonymous_5)"  hits="0"  signature="()V" >
				<lines><line number="51"  hits="0" /></lines>
			</method>
			<method name="(anonymous_6)"  hits="0"  signature="()V" >
				<lines><line number="59"  hits="0" /></lines>
			</method>
			<method name="(anonymous_7)"  hits="0"  signature="()V" >
				<lines><line number="67"  hits="0" /></lines>
			</method>
			<method name="(anonymous_8)"  hits="0"  signature="()V" >
				<lines><line number="75"  hits="0" /></lines>
			</method>
		</methods>
		<lines>
			<line number="1"  hits="1"  branch="false" />
			<line number="9"  hits="2"  branch="false" />
			<line number="10"  hits="2"  branch="false" />
			<line number="11"  hits="2"  branch="false" />
			<line number="14"  hits="0"  branch="false" />
			<line number="15"  hits="0"  branch="false" />
			<line number="16"  hits="0"  branch="false" />
			<line number="20"  hits="0"  branch="false" />
			<line number="22"  hits="0"  branch="false" />
			<line number="23"  hits="0"  branch="false" />
			<line number="24"  hits="0"  branch="false" />
			<line number="49"  hits="0"  branch="true"  condition-coverage="0% (0/4)" />
			<line number="50"  hits="0"  branch="false" />
			<line number="52"  hits="0"  branch="false" />
			<line number="57"  hits="0"  branch="true"  condition-coverage="0% (0/2)" />
			<line number="58"  hits="0"  branch="false" />
			<line number="60"  hits="0"  branch="false" />
			<line number="65"  hits="0"  branch="true"  condition-coverage="0% (0/2)" />
			<line number="66"  hits="0"  branch="false" />
			<line number="68"  hits="0"  branch="false" />
			<line number="74"  hits="0"  branch="false" />
			<line number="76"  hits="0"  branch="false" />
		</lines>
		</class>
		<class name="activity_modal_view.js"  filename="app/assets/javascripts/backbone/views/activity_modal_view.js"  line-rate="0.07139999999999999"  branch-rate="1" >
		<methods>
			<method name="(anonymous_1)"  hits="0"  signature="()V" >
				<lines><line number="10"  hits="0" /></lines>
			</method>
			<method name="(anonymous_2)"  hits="0"  signature="()V" >
				<lines><line number="15"  hits="0" /></lines>
			</method>
			<method name="(anonymous_3)"  hits="0"  signature="()V" >
				<lines><line number="21"  hits="0" /></lines>
			</method>
			<method name="(anonymous_4)"  hits="0"  signature="()V" >
				<lines><line number="27"  hits="0" /></lines>
			</method>
			<method name="(anonymous_5)"  hits="0"  signature="()V" >
				<lines><line number="41"  hits="0" /></lines>
			</method>
		</methods>
		<lines>
			<line number="1"  hits="1"  branch="false" />
			<line number="11"  hits="0"  branch="false" />
			<line number="12"  hits="0"  branch="false" />
			<line number="16"  hits="0"  branch="false" />
			<line number="18"  hits="0"  branch="false" />
			<line number="22"  hits="0"  branch="false" />
			<line number="24"  hits="0"  branch="false" />
			<line number="28"  hits="0"  branch="false" />
			<line number="29"  hits="0"  branch="false" />
			<line number="35"  hits="0"  branch="false" />
			<line number="36"  hits="0"  branch="false" />
			<line number="38"  hits="0"  branch="false" />
			<line number="42"  hits="0"  branch="false" />
			<line number="43"  hits="0"  branch="false" />
		</lines>
		</class>
		<class name="activity_view.js"  filename="app/assets/javascripts/backbone/views/activity_view.js"  line-rate="0.2"  branch-rate="1" >
		<methods>
			<method name="(anonymous_1)"  hits="2"  signature="()V" >
				<lines><line number="7"  hits="2" /></lines>
			</method>
			<method name="(anonymous_2)"  hits="0"  signature="()V" >
				<lines><line number="10"  hits="0" /></lines>
			</method>
			<method name="(anonymous_3)"  hits="0"  signature="()V" >
				<lines><line number="18"  hits="0" /></lines>
			</method>
		</methods>
		<lines>
			<line number="1"  hits="1"  branch="false" />
			<line number="8"  hits="2"  branch="false" />
			<line number="11"  hits="0"  branch="false" />
			<line number="12"  hits="0"  branch="false" />
			<line number="13"  hits="0"  branch="false" />
			<line number="14"  hits="0"  branch="false" />
			<line number="19"  hits="0"  branch="false" />
			<line number="20"  hits="0"  branch="false" />
			<line number="21"  hits="0"  branch="false" />
			<line number="24"  hits="0"  branch="false" />
		</lines>
		</class>
		<class name="create_custom_activity_view.js"  filename="app/assets/javascripts/backbone/views/create_custom_activity_view.js"  line-rate="0.1333"  branch-rate="1" >
		<methods>
			<method name="(anonymous_1)"  hits="2"  signature="()V" >
				<lines><line number="13"  hits="2" /></lines>
			</method>
			<method name="(anonymous_2)"  hits="0"  signature="()V" >
				<lines><line number="21"  hits="0" /></lines>
			</method>
			<method name="(anonymous_3)"  hits="0"  signature="()V" >
				<lines><line number="26"  hits="0" /></lines>
			</method>
			<method name="(anonymous_4)"  hits="0"  signature="()V" >
				<lines><line number="33"  hits="0" /></lines>
			</method>
			<method name="(anonymous_5)"  hits="0"  signature="()V" >
				<lines><line number="38"  hits="0" /></lines>
			</method>
			<method name="(anonymous_6)"  hits="0"  signature="()V" >
				<lines><line number="57"  hits="0" /></lines>
			</method>
			<method name="(anonymous_7)"  hits="0"  signature="()V" >
				<lines><line number="63"  hits="0" /></lines>
			</method>
		</methods>
		<lines>
			<line number="2"  hits="1"  branch="false" />
			<line number="14"  hits="2"  branch="false" />
			<line number="17"  hits="2"  branch="false" />
			<line number="18"  hits="2"  branch="false" />
			<line number="23"  hits="0"  branch="false" />
			<line number="24"  hits="0"  branch="false" />
			<line number="25"  hits="0"  branch="false" />
			<line number="26"  hits="0"  branch="false" />
			<line number="28"  hits="0"  branch="false" />
			<line number="29"  hits="0"  branch="false" />
			<line number="32"  hits="0"  branch="false" />
			<line number="34"  hits="0"  branch="false" />
			<line number="39"  hits="0"  branch="false" />
			<line number="40"  hits="0"  branch="false" />
			<line number="42"  hits="0"  branch="false" />
			<line number="44"  hits="0"  branch="false" />
			<line number="45"  hits="0"  branch="false" />
			<line number="46"  hits="0"  branch="false" />
			<line number="48"  hits="0"  branch="false" />
			<line number="49"  hits="0"  branch="false" />
			<line number="50"  hits="0"  branch="false" />
			<line number="51"  hits="0"  branch="false" />
			<line number="52"  hits="0"  branch="false" />
			<line number="54"  hits="0"  branch="false" />
			<line number="56"  hits="0"  branch="false" />
			<line number="58"  hits="0"  branch="false" />
			<line number="59"  hits="0"  branch="false" />
			<line number="60"  hits="0"  branch="false" />
			<line number="61"  hits="0"  branch="false" />
			<line number="64"  hits="0"  branch="false" />
		</lines>
		</class>
		<class name="custom_activity_view.js"  filename="app/assets/javascripts/backbone/views/custom_activity_view.js"  line-rate="0.2667"  branch-rate="1" >
		<methods>
			<method name="(anonymous_1)"  hits="2"  signature="()V" >
				<lines><line number="10"  hits="2" /></lines>
			</method>
			<method name="(anonymous_2)"  hits="0"  signature="()V" >
				<lines><line number="15"  hits="0" /></lines>
			</method>
			<method name="(anonymous_3)"  hits="0"  signature="()V" >
				<lines><line number="18"  hits="0" /></lines>
			</method>
			<method name="(anonymous_4)"  hits="0"  signature="()V" >
				<lines><line number="28"  hits="0" /></lines>
			</method>
			<method name="(anonymous_5)"  hits="0"  signature="()V" >
				<lines><line number="46"  hits="0" /></lines>
			</method>
		</methods>
		<lines>
			<line number="2"  hits="1"  branch="false" />
			<line number="11"  hits="2"  branch="false" />
			<line number="12"  hits="2"  branch="false" />
			<line number="13"  hits="2"  branch="false" />
			<line number="17"  hits="0"  branch="false" />
			<line number="18"  hits="0"  branch="false" />
			<line number="19"  hits="0"  branch="false" />
			<line number="23"  hits="0"  branch="false" />
			<line number="28"  hits="0"  branch="false" />
			<line number="29"  hits="0"  branch="false" />
			<line number="37"  hits="0"  branch="false" />
			<line number="40"  hits="0"  branch="false" />
			<line number="42"  hits="0"  branch="false" />
			<line number="45"  hits="0"  branch="false" />
			<line number="47"  hits="0"  branch="false" />
		</lines>
		</class>
		<class name="home_view.js"  filename="app/assets/javascripts/backbone/views/home_view.js"  line-rate="0.3103"  branch-rate="0" >
		<methods>
			<method name="(anonymous_1)"  hits="2"  signature="()V" >
				<lines><line number="9"  hits="2" /></lines>
			</method>
			<method name="(anonymous_2)"  hits="0"  signature="()V" >
				<lines><line number="24"  hits="0" /></lines>
			</method>
			<method name="(anonymous_3)"  hits="0"  signature="()V" >
				<lines><line number="38"  hits="0" /></lines>
			</method>
			<method name="(anonymous_4)"  hits="0"  signature="()V" >
				<lines><line number="50"  hits="0" /></lines>
			</method>
			<method name="(anonymous_5)"  hits="0"  signature="()V" >
				<lines><line number="52"  hits="0" /></lines>
			</method>
		</methods>
		<lines>
			<line number="1"  hits="1"  branch="false" />
			<line number="10"  hits="2"  branch="false" />
			<line number="11"  hits="2"  branch="false" />
			<line number="12"  hits="2"  branch="false" />
			<line number="13"  hits="2"  branch="false" />
			<line number="19"  hits="2"  branch="false" />
			<line number="20"  hits="2"  branch="false" />
			<line number="21"  hits="2"  branch="false" />
			<line number="22"  hits="2"  branch="false" />
			<line number="25"  hits="0"  branch="false" />
			<line number="26"  hits="0"  branch="false" />
			<line number="27"  hits="0"  branch="false" />
			<line number="28"  hits="0"  branch="false" />
			<line number="31"  hits="0"  branch="false" />
			<line number="36"  hits="0"  branch="false" />
			<line number="40"  hits="0"  branch="false" />
			<line number="41"  hits="0"  branch="false" />
			<line number="43"  hits="0"  branch="false" />
			<line number="45"  hits="0"  branch="false" />
			<line number="46"  hits="0"  branch="true"  condition-coverage="0% (0/2)" />
			<line number="47"  hits="0"  branch="false" />
			<line number="49"  hits="0"  branch="false" />
			<line number="50"  hits="0"  branch="false" />
			<line number="51"  hits="0"  branch="false" />
			<line number="52"  hits="0"  branch="false" />
			<line number="53"  hits="0"  branch="false" />
			<line number="55"  hits="0"  branch="false" />
			<line number="59"  hits="0"  branch="false" />
			<line number="61"  hits="0"  branch="false" />
		</lines>
		</class>
		<class name="interests_view.js"  filename="app/assets/javascripts/backbone/views/interests_view.js"  line-rate="0.1818"  branch-rate="0" >
		<methods>
			<method name="(anonymous_1)"  hits="2"  signature="()V" >
				<lines><line number="9"  hits="2" /></lines>
			</method>
			<method name="(anonymous_2)"  hits="0"  signature="()V" >
				<lines><line number="18"  hits="0" /></lines>
			</method>
			<method name="(anonymous_3)"  hits="0"  signature="()V" >
				<lines><line number="33"  hits="0" /></lines>
			</method>
			<method name="(anonymous_4)"  hits="0"  signature="()V" >
				<lines><line number="41"  hits="0" /></lines>
			</method>
			<method name="(anonymous_5)"  hits="0"  signature="()V" >
				<lines><line number="49"  hits="0" /></lines>
			</method>
			<method name="(anonymous_6)"  hits="0"  signature="()V" >
				<lines><line number="59"  hits="0" /></lines>
			</method>
			<method name="(anonymous_7)"  hits="0"  signature="()V" >
				<lines><line number="67"  hits="0" /></lines>
			</method>
		</methods>
		<lines>
			<line number="2"  hits="1"  branch="false" />
			<line number="10"  hits="2"  branch="false" />
			<line number="11"  hits="2"  branch="false" />
			<line number="12"  hits="2"  branch="false" />
			<line number="13"  hits="2"  branch="false" />
			<line number="14"  hits="2"  branch="false" />
			<line number="15"  hits="2"  branch="false" />
			<line number="16"  hits="2"  branch="false" />
			<line number="20"  hits="0"  branch="false" />
			<line number="21"  hits="0"  branch="false" />
			<line number="22"  hits="0"  branch="false" />
			<line number="23"  hits="0"  branch="false" />
			<line number="24"  hits="0"  branch="false" />
			<line number="25"  hits="0"  branch="false" />
			<line number="26"  hits="0"  branch="true"  condition-coverage="0% (0/2)" />
			<line number="27"  hits="0"  branch="false" />
			<line number="30"  hits="0"  branch="false" />
			<line number="31"  hits="0"  branch="false" />
			<line number="34"  hits="0"  branch="false" />
			<line number="36"  hits="0"  branch="false" />
			<line number="37"  hits="0"  branch="false" />
			<line number="38"  hits="0"  branch="false" />
			<line number="39"  hits="0"  branch="false" />
			<line number="40"  hits="0"  branch="false" />
			<line number="42"  hits="0"  branch="false" />
			<line number="43"  hits="0"  branch="true"  condition-coverage="0% (0/2)" />
			<line number="44"  hits="0"  branch="false" />
			<line number="50"  hits="0"  branch="false" />
			<line number="52"  hits="0"  branch="false" />
			<line number="53"  hits="0"  branch="false" />
			<line number="55"  hits="0"  branch="false" />
			<line number="57"  hits="0"  branch="false" />
			<line number="61"  hits="0"  branch="false" />
			<line number="66"  hits="0"  branch="false" />
			<line number="67"  hits="0"  branch="false" />
			<line number="68"  hits="0"  branch="false" />
			<line number="72"  hits="0"  branch="false" />
			<line number="76"  hits="0"  branch="false" />
			<line number="78"  hits="0"  branch="false" />
			<line number="79"  hits="0"  branch="false" />
			<line number="80"  hits="0"  branch="false" />
			<line number="82"  hits="0"  branch="false" />
			<line number="83"  hits="0"  branch="false" />
			<line number="84"  hits="0"  branch="false" />
		</lines>
		</class>
		<class name="login_view.js"  filename="app/assets/javascripts/backbone/views/login_view.js"  line-rate="0.25"  branch-rate="0" >
		<methods>
			<method name="(anonymous_1)"  hits="2"  signature="()V" >
				<lines><line number="9"  hits="2" /></lines>
			</method>
			<method name="(anonymous_2)"  hits="2"  signature="()V" >
				<lines><line number="14"  hits="2" /></lines>
			</method>
			<method name="(anonymous_3)"  hits="0"  signature="()V" >
				<lines><line number="23"  hits="0" /></lines>
			</method>
			<method name="(anonymous_4)"  hits="0"  signature="()V" >
				<lines><line number="38"  hits="0" /></lines>
			</method>
			<method name="(anonymous_5)"  hits="0"  signature="()V" >
				<lines><line number="49"  hits="0" /></lines>
			</method>
			<method name="(anonymous_6)"  hits="0"  signature="()V" >
				<lines><line number="59"  hits="0" /></lines>
			</method>
		</methods>
		<lines>
			<line number="1"  hits="1"  branch="false" />
			<line number="10"  hits="2"  branch="false" />
			<line number="11"  hits="2"  branch="false" />
			<line number="15"  hits="2"  branch="false" />
			<line number="16"  hits="2"  branch="false" />
			<line number="19"  hits="2"  branch="false" />
			<line number="21"  hits="2"  branch="false" />
			<line number="24"  hits="0"  branch="false" />
			<line number="27"  hits="0"  branch="false" />
			<line number="29"  hits="0"  branch="false" />
			<line number="30"  hits="0"  branch="true"  condition-coverage="0% (0/2)" />
			<line number="31"  hits="0"  branch="false" />
			<line number="33"  hits="0"  branch="false" />
			<line number="35"  hits="0"  branch="false" />
			<line number="36"  hits="0"  branch="false" />
			<line number="37"  hits="0"  branch="false" />
			<line number="39"  hits="0"  branch="false" />
			<line number="40"  hits="0"  branch="false" />
			<line number="41"  hits="0"  branch="false" />
			<line number="42"  hits="0"  branch="true"  condition-coverage="0% (0/2)" />
			<line number="43"  hits="0"  branch="false" />
			<line number="44"  hits="0"  branch="false" />
			<line number="46"  hits="0"  branch="false" />
			<line number="50"  hits="0"  branch="false" />
			<line number="53"  hits="0"  branch="true"  condition-coverage="0% (0/2)" />
			<line number="54"  hits="0"  branch="false" />
			<line number="55"  hits="0"  branch="false" />
			<line number="60"  hits="0"  branch="false" />
		</lines>
		</class>
		<class name="settings_view.js"  filename="app/assets/javascripts/backbone/views/settings_view.js"  line-rate="0.10529999999999999"  branch-rate="0" >
		<methods>
			<method name="(anonymous_1)"  hits="2"  signature="()V" >
				<lines><line number="9"  hits="2" /></lines>
			</method>
			<method name="(anonymous_2)"  hits="0"  signature="()V" >
				<lines><line number="24"  hits="0" /></lines>
			</method>
			<method name="(anonymous_3)"  hits="0"  signature="()V" >
				<lines><line number="39"  hits="0" /></lines>
			</method>
			<method name="(anonymous_4)"  hits="0"  signature="()V" >
				<lines><line number="47"  hits="0" /></lines>
			</method>
			<method name="(anonymous_5)"  hits="0"  signature="()V" >
				<lines><line number="54"  hits="0" /></lines>
			</method>
			<method name="(anonymous_6)"  hits="0"  signature="()V" >
				<lines><line number="62"  hits="0" /></lines>
			</method>
			<method name="(anonymous_7)"  hits="0"  signature="()V" >
				<lines><line number="64"  hits="0" /></lines>
			</method>
			<method name="(anonymous_8)"  hits="0"  signature="()V" >
				<lines><line number="75"  hits="0" /></lines>
			</method>
			<method name="(anonymous_9)"  hits="0"  signature="()V" >
				<lines><line number="78"  hits="0" /></lines>
			</method>
			<method name="(anonymous_10)"  hits="0"  signature="()V" >
				<lines><line number="83"  hits="0" /></lines>
			</method>
			<method name="(anonymous_11)"  hits="0"  signature="()V" >
				<lines><line number="92"  hits="0" /></lines>
			</method>
			<method name="(anonymous_12)"  hits="0"  signature="()V" >
				<lines><line number="101"  hits="0" /></lines>
			</method>
		</methods>
		<lines>
			<line number="2"  hits="1"  branch="false" />
			<line number="10"  hits="2"  branch="false" />
			<line number="11"  hits="2"  branch="false" />
			<line number="12"  hits="2"  branch="false" />
			<line number="13"  hits="2"  branch="false" />
			<line number="14"  hits="2"  branch="false" />
			<line number="25"  hits="0"  branch="false" />
			<line number="26"  hits="0"  branch="false" />
			<line number="27"  hits="0"  branch="false" />
			<line number="28"  hits="0"  branch="false" />
			<line number="29"  hits="0"  branch="false" />
			<line number="30"  hits="0"  branch="true"  condition-coverage="0% (0/2)" />
			<line number="31"  hits="0"  branch="false" />
			<line number="34"  hits="0"  branch="false" />
			<line number="35"  hits="0"  branch="false" />
			<line number="36"  hits="0"  branch="false" />
			<line number="37"  hits="0"  branch="false" />
			<line number="38"  hits="0"  branch="false" />
			<line number="40"  hits="0"  branch="false" />
			<line number="41"  hits="0"  branch="false" />
			<line number="42"  hits="0"  branch="false" />
			<line number="43"  hits="0"  branch="false" />
			<line number="45"  hits="0"  branch="false" />
			<line number="48"  hits="0"  branch="false" />
			<line number="56"  hits="0"  branch="false" />
			<line number="57"  hits="0"  branch="false" />
			<line number="58"  hits="0"  branch="false" />
			<line number="59"  hits="0"  branch="false" />
			<line number="60"  hits="0"  branch="false" />
			<line number="61"  hits="0"  branch="false" />
			<line number="63"  hits="0"  branch="false" />
			<line number="64"  hits="0"  branch="false" />
			<line number="65"  hits="0"  branch="false" />
			<line number="67"  hits="0"  branch="true"  condition-coverage="0% (0/2)" />
			<line number="68"  hits="0"  branch="false" />
			<line number="70"  hits="0"  branch="false" />
			<line number="76"  hits="0"  branch="false" />
			<line number="77"  hits="0"  branch="false" />
			<line number="79"  hits="0"  branch="false" />
			<line number="84"  hits="0"  branch="false" />
			<line number="86"  hits="0"  branch="false" />
			<line number="87"  hits="0"  branch="false" />
			<line number="89"  hits="0"  branch="false" />
			<line number="90"  hits="0"  branch="false" />
			<line number="94"  hits="0"  branch="false" />
			<line number="99"  hits="0"  branch="false" />
			<line number="100"  hits="0"  branch="false" />
			<line number="101"  hits="0"  branch="false" />
			<line number="102"  hits="0"  branch="false" />
			<line number="103"  hits="0"  branch="true"  condition-coverage="0% (0/2)" />
			<line number="104"  hits="0"  branch="false" />
			<line number="106"  hits="0"  branch="false" />
			<line number="110"  hits="0"  branch="false" />
			<line number="112"  hits="0"  branch="false" />
			<line number="113"  hits="0"  branch="false" />
			<line number="114"  hits="0"  branch="false" />
			<line number="115"  hits="0"  branch="false" />
		</lines>
		</class>
		<class name="show_view.js.coffee"  filename="app/assets/javascripts/backbone/views/show_view.js.coffee"  line-rate="0.7692"  branch-rate="0.75" >
		<methods>
			<method name="(anonymous_1)"  hits="1"  signature="()V" >
				<lines><line number="1"  hits="1" /></lines>
			</method>
			<method name="(anonymous_2)"  hits="1"  signature="()V" >
				<lines><line number="3"  hits="1" /></lines>
			</method>
			<method name="ctor"  hits="1"  signature="()V" >
				<lines><line number="3"  hits="1" /></lines>
			</method>
			<method name="(anonymous_4)"  hits="1"  signature="()V" >
				<lines><line number="8"  hits="1" /></lines>
			</method>
			<method name="ShowView"  hits="0"  signature="()V" >
				<lines><line number="11"  hits="0" /></lines>
			</method>
			<method name="(anonymous_6)"  hits="0"  signature="()V" >
				<lines><line number="17"  hits="0" /></lines>
			</method>
		</methods>
		<lines>
			<line number="1"  hits="1"  branch="false" />
			<line number="2"  hits="1"  branch="false" />
			<line number="3"  hits="1"  branch="true"  condition-coverage="50% (1/2)" />
			<line number="6"  hits="1"  branch="true"  condition-coverage="100% (2/2)" />
			<line number="8"  hits="1"  branch="false" />
			<line number="9"  hits="1"  branch="false" />
			<line number="11"  hits="1"  branch="false" />
			<line number="12"  hits="0"  branch="false" />
			<line number="15"  hits="1"  branch="false" />
			<line number="17"  hits="1"  branch="false" />
			<line number="18"  hits="0"  branch="false" />
			<line number="19"  hits="0"  branch="false" />
			<line number="22"  hits="1"  branch="false" />
		</lines>
		</class>
		<class name="sidebar_view.js"  filename="app/assets/javascripts/backbone/views/sidebar_view.js"  line-rate="1"  branch-rate="1" >
		<methods>
		</methods>
		<lines>
		</lines>
		</class>
		<class name="signup_view.js"  filename="app/assets/javascripts/backbone/views/signup_view.js"  line-rate="0.030299999999999997"  branch-rate="1" >
		<methods>
			<method name="(anonymous_1)"  hits="0"  signature="()V" >
				<lines><line number="9"  hits="0" /></lines>
			</method>
			<method name="(anonymous_2)"  hits="0"  signature="()V" >
				<lines><line number="14"  hits="0" /></lines>
			</method>
			<method name="(anonymous_3)"  hits="0"  signature="()V" >
				<lines><line number="22"  hits="0" /></lines>
			</method>
			<method name="(anonymous_4)"  hits="0"  signature="()V" >
				<lines><line number="40"  hits="0" /></lines>
			</method>
			<method name="(anonymous_5)"  hits="0"  signature="()V" >
				<lines><line number="51"  hits="0" /></lines>
			</method>
			<method name="(anonymous_6)"  hits="0"  signature="()V" >
				<lines><line number="55"  hits="0" /></lines>
			</method>
			<method name="(anonymous_7)"  hits="0"  signature="()V" >
				<lines><line number="57"  hits="0" /></lines>
			</method>
		</methods>
		<lines>
			<line number="1"  hits="1"  branch="false" />
			<line number="10"  hits="0"  branch="false" />
			<line number="11"  hits="0"  branch="false" />
			<line number="15"  hits="0"  branch="false" />
			<line number="16"  hits="0"  branch="false" />
			<line number="17"  hits="0"  branch="false" />
			<line number="18"  hits="0"  branch="false" />
			<line number="19"  hits="0"  branch="false" />
			<line number="24"  hits="0"  branch="false" />
			<line number="27"  hits="0"  branch="false" />
			<line number="30"  hits="0"  branch="false" />
			<line number="32"  hits="0"  branch="false" />
			<line number="33"  hits="0"  branch="false" />
			<line number="34"  hits="0"  branch="false" />
			<line number="36"  hits="0"  branch="false" />
			<line number="37"  hits="0"  branch="false" />
			<line number="38"  hits="0"  branch="false" />
			<line number="39"  hits="0"  branch="false" />
			<line number="41"  hits="0"  branch="false" />
			<line number="42"  hits="0"  branch="false" />
			<line number="43"  hits="0"  branch="false" />
			<line number="44"  hits="0"  branch="false" />
			<line number="45"  hits="0"  branch="false" />
			<line number="46"  hits="0"  branch="false" />
			<line number="47"  hits="0"  branch="false" />
			<line number="52"  hits="0"  branch="false" />
			<line number="53"  hits="0"  branch="false" />
			<line number="54"  hits="0"  branch="false" />
			<line number="55"  hits="0"  branch="false" />
			<line number="56"  hits="0"  branch="false" />
			<line number="57"  hits="0"  branch="false" />
			<line number="58"  hits="0"  branch="false" />
			<line number="61"  hits="0"  branch="false" />
		</lines>
		</class>
	</classes>
	</package>
	<package name="app.assets.javascripts.jasmine_examples"  line-rate="0.4667"  branch-rate="0" >
	<classes>
		<class name="Player.js"  filename="app/assets/javascripts/jasmine_examples/Player.js"  line-rate="0.4167"  branch-rate="0" >
		<methods>
			<method name="Player"  hits="0"  signature="()V" >
				<lines><line number="1"  hits="0" /></lines>
			</method>
			<method name="(anonymous_2)"  hits="0"  signature="()V" >
				<lines><line number="3"  hits="0" /></lines>
			</method>
			<method name="(anonymous_3)"  hits="0"  signature="()V" >
				<lines><line number="8"  hits="0" /></lines>
			</method>
			<method name="(anonymous_4)"  hits="0"  signature="()V" >
				<lines><line number="12"  hits="0" /></lines>
			</method>
			<method name="(anonymous_5)"  hits="0"  signature="()V" >
				<lines><line number="20"  hits="0" /></lines>
			</method>
		</methods>
		<lines>
			<line number="1"  hits="1"  branch="false" />
			<line number="3"  hits="1"  branch="false" />
			<line number="4"  hits="0"  branch="false" />
			<line number="5"  hits="0"  branch="false" />
			<line number="8"  hits="1"  branch="false" />
			<line number="9"  hits="0"  branch="false" />
			<line number="12"  hits="1"  branch="false" />
			<line number="13"  hits="0"  branch="true"  condition-coverage="0% (0/2)" />
			<line number="14"  hits="0"  branch="false" />
			<line number="17"  hits="0"  branch="false" />
			<line number="20"  hits="1"  branch="false" />
			<line number="21"  hits="0"  branch="false" />
		</lines>
		</class>
		<class name="Song.js"  filename="app/assets/javascripts/jasmine_examples/Song.js"  line-rate="0.6667000000000001"  branch-rate="1" >
		<methods>
			<method name="Song"  hits="0"  signature="()V" >
				<lines><line number="1"  hits="0" /></lines>
			</method>
			<method name="(anonymous_2)"  hits="0"  signature="()V" >
				<lines><line number="4"  hits="0" /></lines>
			</method>
		</methods>
		<lines>
			<line number="1"  hits="1"  branch="false" />
			<line number="4"  hits="1"  branch="false" />
			<line number="6"  hits="0"  branch="false" />
		</lines>
		</class>
	</classes>
	</package>
	<package name="spec.javascripts.coverage.lcov-report"  line-rate="0.23379999999999998"  branch-rate="0.32030000000000003" >
	<classes>
		<class name="prettify.js"  filename="spec/javascripts/coverage/lcov-report/prettify.js"  line-rate="1"  branch-rate="0.34149999999999997" >
		<methods>
			<method name="(anonymous_1)"  hits="1"  signature="()V" >
				<lines><line number="1"  hits="1" /></lines>
			</method>
			<method name="k"  hits="19"  signature="()V" >
				<lines><line number="1"  hits="19" /></lines>
			</method>
			<method name="ab"  hits="330"  signature="()V" >
				<lines><line number="1"  hits="330" /></lines>
			</method>
			<method name="T"  hits="440"  signature="()V" >
				<lines><line number="1"  hits="440" /></lines>
			</method>
			<method name="X"  hits="77"  signature="()V" >
				<lines><line number="1"  hits="77" /></lines>
			</method>
			<method name="(anonymous_6)"  hits="407"  signature="()V" >
				<lines><line number="1"  hits="407" /></lines>
			</method>
			<method name="W"  hits="202"  signature="()V" >
				<lines><line number="1"  hits="202" /></lines>
			</method>
			<method name="(anonymous_8)"  hits="22"  signature="()V" >
				<lines><line number="1"  hits="22" /></lines>
			</method>
			<method name="a"  hits="0"  signature="()V" >
				<lines><line number="1"  hits="0" /></lines>
			</method>
			<method name="aa"  hits="0"  signature="()V" >
				<lines><line number="1"  hits="0" /></lines>
			</method>
			<method name="B"  hits="0"  signature="()V" >
				<lines><line number="1"  hits="0" /></lines>
			</method>
			<method name="o"  hits="0"  signature="()V" >
				<lines><line number="1"  hits="0" /></lines>
			</method>
			<method name="g"  hits="19"  signature="()V" >
				<lines><line number="1"  hits="19" /></lines>
			</method>
			<method name="(anonymous_14)"  hits="19"  signature="()V" >
				<lines><line number="1"  hits="19" /></lines>
			</method>
			<method name="(anonymous_15)"  hits="0"  signature="()V" >
				<lines><line number="1"  hits="0" /></lines>
			</method>
			<method name="i"  hits="11"  signature="()V" >
				<lines><line number="1"  hits="11" /></lines>
			</method>
			<method name="Q"  hits="0"  signature="()V" >
				<lines><line number="1"  hits="0" /></lines>
			</method>
			<method name="ae"  hits="0"  signature="()V" >
				<lines><line number="1"  hits="0" /></lines>
			</method>
			<method name="ad"  hits="0"  signature="()V" >
				<lines><line number="1"  hits="0" /></lines>
			</method>
			<method name="ai"  hits="0"  signature="()V" >
				<lines><line number="1"  hits="0" /></lines>
			</method>
			<method name="D"  hits="0"  signature="()V" >
				<lines><line number="1"  hits="0" /></lines>
			</method>
			<method name="c"  hits="19"  signature="()V" >
				<lines><line number="1"  hits="19" /></lines>
			</method>
			<method name="q"  hits="0"  signature="()V" >
				<lines><line number="1"  hits="0" /></lines>
			</method>
			<method name="d"  hits="0"  signature="()V" >
				<lines><line number="1"  hits="0" /></lines>
			</method>
			<method name="y"  hits="0"  signature="()V" >
				<lines><line number="1"  hits="0" /></lines>
			</method>
			<method name="b"  hits="0"  signature="()V" >
				<lines><line number="1"  hits="0" /></lines>
			</method>
			<method name="Y"  hits="0"  signature="()V" >
				<lines><line number="1"  hits="0" /></lines>
			</method>
			<method name="(anonymous_28)"  hits="0"  signature="()V" >
				<lines><line number="1"  hits="0" /></lines>
			</method>
			<method name="U"  hits="0"  signature="()V" >
				<lines><line number="1"  hits="0" /></lines>
			</method>
		</methods>
		<lines>
			<line number="1"  hits="2724"  branch="true"  condition-coverage="34.154929577464785% (97/284)" />
		</lines>
		</class>
		<class name="sorter.js"  filename="spec/javascripts/coverage/lcov-report/sorter.js"  line-rate="0.2237"  branch-rate="0.0455" >
		<methods>
			<method name="(anonymous_1)"  hits="1"  signature="()V" >
				<lines><line number="1"  hits="1" /></lines>
			</method>
			<method name="getTable"  hits="1"  signature="()V" >
				<lines><line number="10"  hits="1" /></lines>
			</method>
			<method name="getTableHeader"  hits="0"  signature="()V" >
				<lines><line number="12"  hits="0" /></lines>
			</method>
			<method name="getTableBody"  hits="0"  signature="()V" >
				<lines><line number="14"  hits="0" /></lines>
			</method>
			<method name="getNthColumn"  hits="0"  signature="()V" >
				<lines><line number="16"  hits="0" /></lines>
			</method>
			<method name="loadColumns"  hits="0"  signature="()V" >
				<lines><line number="19"  hits="0" /></lines>
			</method>
			<method name="loadRowData"  hits="0"  signature="()V" >
				<lines><line number="43"  hits="0" /></lines>
			</method>
			<method name="loadData"  hits="0"  signature="()V" >
				<lines><line number="62"  hits="0" /></lines>
			</method>
			<method name="sortByIndex"  hits="0"  signature="()V" >
				<lines><line number="71"  hits="0" /></lines>
			</method>
			<method name="(anonymous_10)"  hits="0"  signature="()V" >
				<lines><line number="73"  hits="0" /></lines>
			</method>
			<method name="(anonymous_11)"  hits="0"  signature="()V" >
				<lines><line number="85"  hits="0" /></lines>
			</method>
			<method name="removeSortIndicators"  hits="0"  signature="()V" >
				<lines><line number="102"  hits="0" /></lines>
			</method>
			<method name="addSortIndicators"  hits="0"  signature="()V" >
				<lines><line number="110"  hits="0" /></lines>
			</method>
			<method name="enableUI"  hits="0"  signature="()V" >
				<lines><line number="114"  hits="0" /></lines>
			</method>
			<method name="ithSorter"  hits="0"  signature="()V" >
				<lines><line number="117"  hits="0" /></lines>
			</method>
			<method name="(anonymous_16)"  hits="0"  signature="()V" >
				<lines><line number="120"  hits="0" /></lines>
			</method>
			<method name="(anonymous_17)"  hits="1"  signature="()V" >
				<lines><line number="145"  hits="1" /></lines>
			</method>
		</methods>
		<lines>
			<line number="1"  hits="1"  branch="false" />
			<line number="3"  hits="1"  branch="false" />
			<line number="10"  hits="1"  branch="false" />
			<line number="12"  hits="1"  branch="false" />
			<line number="14"  hits="1"  branch="false" />
			<line number="16"  hits="1"  branch="false" />
			<line number="19"  hits="1"  branch="false" />
			<line number="20"  hits="0"  branch="false" />
			<line number="26"  hits="0"  branch="false" />
			<line number="27"  hits="0"  branch="false" />
			<line number="28"  hits="0"  branch="false" />
			<line number="33"  hits="0"  branch="false" />
			<line number="34"  hits="0"  branch="true"  condition-coverage="0% (0/2)" />
			<line number="35"  hits="0"  branch="false" />
			<line number="36"  hits="0"  branch="false" />
			<line number="39"  hits="0"  branch="false" />
			<line number="43"  hits="1"  branch="false" />
			<line number="44"  hits="0"  branch="false" />
			<line number="50"  hits="0"  branch="false" />
			<line number="51"  hits="0"  branch="false" />
			<line number="52"  hits="0"  branch="false" />
			<line number="53"  hits="0"  branch="false" />
			<line number="54"  hits="0"  branch="true"  condition-coverage="0% (0/2)" />
			<line number="55"  hits="0"  branch="false" />
			<line number="57"  hits="0"  branch="false" />
			<line number="59"  hits="0"  branch="false" />
			<line number="62"  hits="1"  branch="false" />
			<line number="63"  hits="0"  branch="false" />
			<line number="66"  hits="0"  branch="false" />
			<line number="67"  hits="0"  branch="false" />
			<line number="71"  hits="1"  branch="false" />
			<line number="72"  hits="0"  branch="false" />
			<line number="74"  hits="0"  branch="false" />
			<line number="75"  hits="0"  branch="false" />
			<line number="76"  hits="0"  branch="true"  condition-coverage="0% (0/4)" />
			<line number="84"  hits="0"  branch="true"  condition-coverage="0% (0/2)" />
			<line number="85"  hits="0"  branch="false" />
			<line number="86"  hits="0"  branch="false" />
			<line number="90"  hits="0"  branch="false" />
			<line number="91"  hits="0"  branch="false" />
			<line number="92"  hits="0"  branch="false" />
			<line number="95"  hits="0"  branch="false" />
			<line number="97"  hits="0"  branch="false" />
			<line number="98"  hits="0"  branch="false" />
			<line number="102"  hits="1"  branch="false" />
			<line number="103"  hits="0"  branch="false" />
			<line number="106"  hits="0"  branch="false" />
			<line number="107"  hits="0"  branch="false" />
			<line number="110"  hits="1"  branch="false" />
			<line number="111"  hits="0"  branch="true"  condition-coverage="0% (0/2)" />
			<line number="114"  hits="1"  branch="false" />
			<line number="115"  hits="0"  branch="false" />
			<line number="118"  hits="0"  branch="false" />
			<line number="120"  hits="0"  branch="false" />
			<line number="121"  hits="0"  branch="false" />
			<line number="123"  hits="0"  branch="true"  condition-coverage="0% (0/2)" />
			<line number="124"  hits="0"  branch="false" />
			<line number="126"  hits="0"  branch="false" />
			<line number="127"  hits="0"  branch="false" />
			<line number="128"  hits="0"  branch="false" />
			<line number="129"  hits="0"  branch="false" />
			<line number="130"  hits="0"  branch="false" />
			<line number="133"  hits="0"  branch="false" />
			<line number="134"  hits="0"  branch="true"  condition-coverage="0% (0/2)" />
			<line number="135"  hits="0"  branch="false" />
			<line number="136"  hits="0"  branch="true"  condition-coverage="0% (0/2)" />
			<line number="137"  hits="0"  branch="false" />
			<line number="139"  hits="0"  branch="false" />
			<line number="145"  hits="1"  branch="false" />
			<line number="146"  hits="1"  branch="true"  condition-coverage="50% (1/2)" />
			<line number="147"  hits="1"  branch="false" />
			<line number="149"  hits="0"  branch="false" />
			<line number="150"  hits="0"  branch="false" />
			<line number="151"  hits="0"  branch="false" />
			<line number="152"  hits="0"  branch="false" />
			<line number="156"  hits="1"  branch="false" />
		</lines>
		</class>
	</classes>
	</package>
	<package name="spec.javascripts.helpers"  line-rate="0.2815"  branch-rate="0.1497" >
	<classes>
		<class name="sinon.js"  filename="spec/javascripts/helpers/sinon.js"  line-rate="0.2815"  branch-rate="0.1497" >
		<methods>
			<method name="(anonymous_1)"  hits="1"  signature="()V" >
				<lines><line number="37"  hits="1" /></lines>
			</method>
			<method name="(anonymous_2)"  hits="0"  signature="()V" >
				<lines><line number="40"  hits="0" /></lines>
			</method>
			<method name="(anonymous_3)"  hits="1"  signature="()V" >
				<lines><line number="48"  hits="1" /></lines>
			</method>
			<method name="(anonymous_4)"  hits="1"  signature="()V" >
				<lines><line number="51"  hits="1" /></lines>
			</method>
			<method name="define"  hits="3"  signature="()V" >
				<lines><line number="52"  hits="3" /></lines>
			</method>
			<method name="(anonymous_6)"  hits="1"  signature="()V" >
				<lines><line number="62"  hits="1" /></lines>
			</method>
			<method name="(anonymous_7)"  hits="0"  signature="()V" >
				<lines><line number="64"  hits="0" /></lines>
			</method>
			<method name="(anonymous_8)"  hits="0"  signature="()V" >
				<lines><line number="65"  hits="0" /></lines>
			</method>
			<method name="(anonymous_9)"  hits="1"  signature="()V" >
				<lines><line number="66"  hits="1" /></lines>
			</method>
			<method name="isNaN"  hits="0"  signature="()V" >
				<lines><line number="70"  hits="0" /></lines>
			</method>
			<method name="getClass"  hits="0"  signature="()V" >
				<lines><line number="78"  hits="0" /></lines>
			</method>
			<method name="isArguments"  hits="0"  signature="()V" >
				<lines><line number="92"  hits="0" /></lines>
			</method>
			<method name="isElement"  hits="0"  signature="()V" >
				<lines><line number="117"  hits="0" /></lines>
			</method>
			<method name="keys"  hits="0"  signature="()V" >
				<lines><line number="134"  hits="0" /></lines>
			</method>
			<method name="isDate"  hits="0"  signature="()V" >
				<lines><line number="151"  hits="0" /></lines>
			</method>
			<method name="isNegZero"  hits="0"  signature="()V" >
				<lines><line number="162"  hits="0" /></lines>
			</method>
			<method name="identical"  hits="0"  signature="()V" >
				<lines><line number="177"  hits="0" /></lines>
			</method>
			<method name="deepEqualCyclic"  hits="0"  signature="()V" >
				<lines><line number="199"  hits="0" /></lines>
			</method>
			<method name="isObject"  hits="0"  signature="()V" >
				<lines><line number="219"  hits="0" /></lines>
			</method>
			<method name="getIndex"  hits="0"  signature="()V" >
				<lines><line number="239"  hits="0" /></lines>
			</method>
			<method name="deepEqual"  hits="0"  signature="()V" >
				<lines><line number="252"  hits="0" /></lines>
			</method>
			<method name="arrayContains"  hits="0"  signature="()V" >
				<lines><line number="367"  hits="0" /></lines>
			</method>
			<method name="match"  hits="0"  signature="()V" >
				<lines><line number="388"  hits="0" /></lines>
			</method>
			<method name="(anonymous_24)"  hits="1"  signature="()V" >
				<lines><line number="461"  hits="1" /></lines>
			</method>
			<method name="(anonymous_25)"  hits="0"  signature="()V" >
				<lines><line number="463"  hits="0" /></lines>
			</method>
			<method name="(anonymous_26)"  hits="0"  signature="()V" >
				<lines><line number="465"  hits="0" /></lines>
			</method>
			<method name="(anonymous_27)"  hits="1"  signature="()V" >
				<lines><line number="466"  hits="1" /></lines>
			</method>
			<method name="functionName"  hits="0"  signature="()V" >
				<lines><line number="490"  hits="0" /></lines>
			</method>
			<method name="constructorName"  hits="0"  signature="()V" >
				<lines><line number="498"  hits="0" /></lines>
			</method>
			<method name="isCircular"  hits="0"  signature="()V" >
				<lines><line number="515"  hits="0" /></lines>
			</method>
			<method name="ascii"  hits="0"  signature="()V" >
				<lines><line number="524"  hits="0" /></lines>
			</method>
			<method name="(anonymous_32)"  hits="0"  signature="()V" >
				<lines><line number="561"  hits="0" /></lines>
			</method>
			<method name="(anonymous_33)"  hits="0"  signature="()V" >
				<lines><line number="565"  hits="0" /></lines>
			</method>
			<method name="(anonymous_34)"  hits="0"  signature="()V" >
				<lines><line number="583"  hits="0" /></lines>
			</method>
			<method name="(anonymous_35)"  hits="0"  signature="()V" >
				<lines><line number="623"  hits="0" /></lines>
			</method>
			<method name="Formatio"  hits="1"  signature="()V" >
				<lines><line number="649"  hits="1" /></lines>
			</method>
			<method name="(anonymous_37)"  hits="1"  signature="()V" >
				<lines><line number="658"  hits="1" /></lines>
			</method>
			<method name="(anonymous_38)"  hits="0"  signature="()V" >
				<lines><line number="662"  hits="0" /></lines>
			</method>
			<method name="(anonymous_39)"  hits="0"  signature="()V" >
				<lines><line number="666"  hits="0" /></lines>
			</method>
			<method name="(anonymous_40)"  hits="1"  signature="()V" >
				<lines><line number="673"  hits="1" /></lines>
			</method>
			<method name="(anonymous_41)"  hits="1"  signature="()V" >
				<lines><line number="673"  hits="1" /></lines>
			</method>
			<method name="e"  hits="1"  signature="()V" >
				<lines><line number="673"  hits="1" /></lines>
			</method>
			<method name="s"  hits="2"  signature="()V" >
				<lines><line number="673"  hits="2" /></lines>
			</method>
			<method name="(anonymous_44)"  hits="0"  signature="()V" >
				<lines><line number="673"  hits="0" /></lines>
			</method>
			<method name="(anonymous_45)"  hits="1"  signature="()V" >
				<lines><line number="673"  hits="1" /></lines>
			</method>
			<method name="(anonymous_46)"  hits="1"  signature="()V" >
				<lines><line number="674"  hits="1" /></lines>
			</method>
			<method name="(anonymous_47)"  hits="1"  signature="()V" >
				<lines><line number="683"  hits="1" /></lines>
			</method>
			<method name="(anonymous_48)"  hits="0"  signature="()V" >
				<lines><line number="707"  hits="0" /></lines>
			</method>
			<method name="parseTime"  hits="0"  signature="()V" >
				<lines><line number="720"  hits="0" /></lines>
			</method>
			<method name="getEpoch"  hits="0"  signature="()V" >
				<lines><line number="749"  hits="0" /></lines>
			</method>
			<method name="inRange"  hits="0"  signature="()V" >
				<lines><line number="756"  hits="0" /></lines>
			</method>
			<method name="mirrorDateProperties"  hits="0"  signature="()V" >
				<lines><line number="760"  hits="0" /></lines>
			</method>
			<method name="now"  hits="0"  signature="()V" >
				<lines><line number="770"  hits="0" /></lines>
			</method>
			<method name="toSource"  hits="0"  signature="()V" >
				<lines><line number="779"  hits="0" /></lines>
			</method>
			<method name="toString"  hits="0"  signature="()V" >
				<lines><line number="787"  hits="0" /></lines>
			</method>
			<method name="createDate"  hits="0"  signature="()V" >
				<lines><line number="799"  hits="0" /></lines>
			</method>
			<method name="ClockDate"  hits="0"  signature="()V" >
				<lines><line number="800"  hits="0" /></lines>
			</method>
			<method name="addTimer"  hits="0"  signature="()V" >
				<lines><line number="826"  hits="0" /></lines>
			</method>
			<method name="compareTimers"  hits="0"  signature="()V" >
				<lines><line number="853"  hits="0" /></lines>
			</method>
			<method name="firstTimerInRange"  hits="0"  signature="()V" >
				<lines><line number="889"  hits="0" /></lines>
			</method>
			<method name="callTimer"  hits="0"  signature="()V" >
				<lines><line number="908"  hits="0" /></lines>
			</method>
			<method name="timerType"  hits="0"  signature="()V" >
				<lines><line number="939"  hits="0" /></lines>
			</method>
			<method name="clearTimer"  hits="0"  signature="()V" >
				<lines><line number="949"  hits="0" /></lines>
			</method>
			<method name="uninstall"  hits="0"  signature="()V" >
				<lines><line number="977"  hits="0" /></lines>
			</method>
			<method name="hijackMethod"  hits="0"  signature="()V" >
				<lines><line number="998"  hits="0" /></lines>
			</method>
			<method name="(anonymous_66)"  hits="0"  signature="()V" >
				<lines><line number="1008"  hits="0" /></lines>
			</method>
			<method name="(anonymous_67)"  hits="0"  signature="()V" >
				<lines><line number="1032"  hits="0" /></lines>
			</method>
			<method name="createClock"  hits="0"  signature="()V" >
				<lines><line number="1047"  hits="0" /></lines>
			</method>
			<method name="setTimeout"  hits="0"  signature="()V" >
				<lines><line number="1056"  hits="0" /></lines>
			</method>
			<method name="clearTimeout"  hits="0"  signature="()V" >
				<lines><line number="1064"  hits="0" /></lines>
			</method>
			<method name="setInterval"  hits="0"  signature="()V" >
				<lines><line number="1068"  hits="0" /></lines>
			</method>
			<method name="clearInterval"  hits="0"  signature="()V" >
				<lines><line number="1077"  hits="0" /></lines>
			</method>
			<method name="setImmediate"  hits="0"  signature="()V" >
				<lines><line number="1081"  hits="0" /></lines>
			</method>
			<method name="clearImmediate"  hits="0"  signature="()V" >
				<lines><line number="1089"  hits="0" /></lines>
			</method>
			<method name="tick"  hits="0"  signature="()V" >
				<lines><line number="1093"  hits="0" /></lines>
			</method>
			<method name="reset"  hits="0"  signature="()V" >
				<lines><line number="1133"  hits="0" /></lines>
			</method>
			<method name="setSystemTime"  hits="0"  signature="()V" >
				<lines><line number="1137"  hits="0" /></lines>
			</method>
			<method name="install"  hits="0"  signature="()V" >
				<lines><line number="1159"  hits="0" /></lines>
			</method>
			<method name="(anonymous_79)"  hits="0"  signature="()V" >
				<lines><line number="1175"  hits="0" /></lines>
			</method>
			<method name="(anonymous_80)"  hits="1"  signature="()V" >
				<lines><line number="1207"  hits="1" /></lines>
			</method>
			<method name="loadDependencies"  hits="0"  signature="()V" >
				<lines><line number="1215"  hits="0" /></lines>
			</method>
			<method name="(anonymous_82)"  hits="1"  signature="()V" >
				<lines><line number="1259"  hits="1" /></lines>
			</method>
			<method name="isDOMNode"  hits="0"  signature="()V" >
				<lines><line number="1264"  hits="0" /></lines>
			</method>
			<method name="isElement"  hits="0"  signature="()V" >
				<lines><line number="1283"  hits="0" /></lines>
			</method>
			<method name="isFunction"  hits="1"  signature="()V" >
				<lines><line number="1287"  hits="1" /></lines>
			</method>
			<method name="isReallyNaN"  hits="0"  signature="()V" >
				<lines><line number="1291"  hits="0" /></lines>
			</method>
			<method name="mirrorProperties"  hits="2"  signature="()V" >
				<lines><line number="1295"  hits="2" /></lines>
			</method>
			<method name="isRestorable"  hits="0"  signature="()V" >
				<lines><line number="1303"  hits="0" /></lines>
			</method>
			<method name="makeApi"  hits="1"  signature="()V" >
				<lines><line number="1310"  hits="1" /></lines>
			</method>
			<method name="wrapMethod"  hits="1"  signature="()V" >
				<lines><line number="1311"  hits="1" /></lines>
			</method>
			<method name="checkWrappedMethod"  hits="1"  signature="()V" >
				<lines><line number="1320"  hits="1" /></lines>
			</method>
			<method name="(anonymous_92)"  hits="0"  signature="()V" >
				<lines><line number="1388"  hits="0" /></lines>
			</method>
			<method name="create"  hits="18"  signature="()V" >
				<lines><line number="1419"  hits="18" /></lines>
			</method>
			<method name="(anonymous_94)"  hits="18"  signature="()V" >
				<lines><line number="1420"  hits="18" /></lines>
			</method>
			<method name="deepEqual"  hits="0"  signature="()V" >
				<lines><line number="1425"  hits="0" /></lines>
			</method>
			<method name="functionName"  hits="1"  signature="()V" >
				<lines><line number="1491"  hits="1" /></lines>
			</method>
			<method name="toString"  hits="0"  signature="()V" >
				<lines><line number="1506"  hits="0" /></lines>
			</method>
			<method name="objectKeys"  hits="1"  signature="()V" >
				<lines><line number="1526"  hits="1" /></lines>
			</method>
			<method name="getPropertyDescriptor"  hits="1"  signature="()V" >
				<lines><line number="1542"  hits="1" /></lines>
			</method>
			<method name="(anonymous_100)"  hits="0"  signature="()V" >
				<lines><line number="1552"  hits="0" /></lines>
			</method>
			<method name="timesInWords"  hits="0"  signature="()V" >
				<lines><line number="1574"  hits="0" /></lines>
			</method>
			<method name="(anonymous_102)"  hits="0"  signature="()V" >
				<lines><line number="1581"  hits="0" /></lines>
			</method>
			<method name="(anonymous_103)"  hits="0"  signature="()V" >
				<lines><line number="1591"  hits="0" /></lines>
			</method>
			<method name="(anonymous_104)"  hits="0"  signature="()V" >
				<lines><line number="1592"  hits="0" /></lines>
			</method>
			<method name="(anonymous_105)"  hits="0"  signature="()V" >
				<lines><line number="1603"  hits="0" /></lines>
			</method>
			<method name="(anonymous_106)"  hits="0"  signature="()V" >
				<lines><line number="1610"  hits="0" /></lines>
			</method>
			<method name="loadDependencies"  hits="0"  signature="()V" >
				<lines><line number="1628"  hits="0" /></lines>
			</method>
			<method name="(anonymous_108)"  hits="1"  signature="()V" >
				<lines><line number="1652"  hits="1" /></lines>
			</method>
			<method name="makeApi"  hits="1"  signature="()V" >
				<lines><line number="1654"  hits="1" /></lines>
			</method>
			<method name="(anonymous_110)"  hits="1"  signature="()V" >
				<lines><line number="1657"  hits="1" /></lines>
			</method>
			<method name="(anonymous_111)"  hits="1"  signature="()V" >
				<lines><line number="1659"  hits="1" /></lines>
			</method>
			<method name="(anonymous_112)"  hits="1"  signature="()V" >
				<lines><line number="1662"  hits="1" /></lines>
			</method>
[...]
			<line number="5730"  hits="0"  branch="true"  condition-coverage="0% (0/2)" />
			<line number="5732"  hits="0"  branch="false" />
			<line number="5737"  hits="0"  branch="false" />
			<line number="5740"  hits="1"  branch="false" />
			<line number="5741"  hits="0"  branch="false" />
			<line number="5743"  hits="0"  branch="true"  condition-coverage="0% (0/2)" />
			<line number="5744"  hits="0"  branch="true"  condition-coverage="0% (0/2)" />
			<line number="5745"  hits="0"  branch="false" />
			<line number="5747"  hits="0"  branch="true"  condition-coverage="0% (0/2)" />
			<line number="5748"  hits="0"  branch="false" />
			<line number="5749"  hits="0"  branch="false" />
			<line number="5753"  hits="0"  branch="false" />
			<line number="5756"  hits="1"  branch="false" />
			<line number="5757"  hits="0"  branch="true"  condition-coverage="0% (0/2)" />
			<line number="5758"  hits="0"  branch="false" />
			<line number="5761"  hits="0"  branch="false" />
			<line number="5765"  hits="1"  branch="true"  condition-coverage="33.33333333333333% (1/3)" />
			<line number="5766"  hits="1"  branch="true"  condition-coverage="33.33333333333333% (1/3)" />
			<line number="5768"  hits="1"  branch="false" />
			<line number="5769"  hits="0"  branch="false" />
			<line number="5770"  hits="0"  branch="false" />
			<line number="5771"  hits="0"  branch="false" />
			<line number="5772"  hits="0"  branch="false" />
			<line number="5775"  hits="1"  branch="true"  condition-coverage="50% (1/2)" />
			<line number="5776"  hits="0"  branch="false" />
			<line number="5777"  hits="1"  branch="true"  condition-coverage="50% (1/2)" />
			<line number="5778"  hits="0"  branch="false" />
			<line number="5780"  hits="1"  branch="false" />
			<line number="5800"  hits="1"  branch="false" />
			<line number="5802"  hits="1"  branch="false" />
			<line number="5803"  hits="1"  branch="false" />
			<line number="5805"  hits="1"  branch="false" />
			<line number="5806"  hits="0"  branch="true"  condition-coverage="0% (0/2)" />
			<line number="5807"  hits="0"  branch="false" />
			<line number="5810"  hits="0"  branch="true"  condition-coverage="0% (0/4)" />
			<line number="5811"  hits="0"  branch="false" />
			<line number="5812"  hits="0"  branch="false" />
			<line number="5814"  hits="0"  branch="false" />
			<line number="5818"  hits="1"  branch="false" />
			<line number="5819"  hits="0"  branch="false" />
			<line number="5821"  hits="0"  branch="true"  condition-coverage="0% (0/2)" />
			<line number="5822"  hits="0"  branch="true"  condition-coverage="0% (0/2)" />
			<line number="5823"  hits="0"  branch="false" />
			<line number="5826"  hits="0"  branch="false" />
			<line number="5829"  hits="0"  branch="true"  condition-coverage="0% (0/2)" />
			<line number="5830"  hits="0"  branch="true"  condition-coverage="0% (0/2)" />
			<line number="5831"  hits="0"  branch="false" />
			<line number="5833"  hits="0"  branch="false" />
			<line number="5837"  hits="0"  branch="false" />
			<line number="5840"  hits="1"  branch="false" />
			<line number="5842"  hits="0"  branch="false" />
			<line number="5844"  hits="0"  branch="false" />
			<line number="5850"  hits="0"  branch="true"  condition-coverage="0% (0/2)" />
			<line number="5852"  hits="0"  branch="true"  condition-coverage="0% (0/4)" />
			<line number="5853"  hits="0"  branch="false" />
			<line number="5856"  hits="0"  branch="false" />
			<line number="5857"  hits="0"  branch="false" />
			<line number="5861"  hits="0"  branch="false" />
			<line number="5863"  hits="0"  branch="true"  condition-coverage="0% (0/2)" />
			<line number="5864"  hits="0"  branch="false" />
			<line number="5867"  hits="0"  branch="true"  condition-coverage="0% (0/2)" />
			<line number="5868"  hits="0"  branch="false" />
			<line number="5869"  hits="0"  branch="false" />
			<line number="5872"  hits="0"  branch="false" />
			<line number="5874"  hits="0"  branch="false" />
			<line number="5878"  hits="0"  branch="false" />
			<line number="5879"  hits="0"  branch="false" />
			<line number="5883"  hits="0"  branch="true"  condition-coverage="0% (0/2)" />
			<line number="5884"  hits="0"  branch="false" />
			<line number="5885"  hits="0"  branch="false" />
			<line number="5887"  hits="0"  branch="false" />
			<line number="5892"  hits="0"  branch="true"  condition-coverage="0% (0/2)" />
			<line number="5893"  hits="0"  branch="false" />
			<line number="5896"  hits="0"  branch="false" />
			<line number="5897"  hits="0"  branch="true"  condition-coverage="0% (0/2)" />
			<line number="5898"  hits="0"  branch="false" />
			<line number="5899"  hits="0"  branch="false" />
			<line number="5900"  hits="0"  branch="false" />
			<line number="5902"  hits="0"  branch="false" />
			<line number="5904"  hits="0"  branch="true"  condition-coverage="0% (0/2)" />
			<line number="5905"  hits="0"  branch="false" />
			<line number="5906"  hits="0"  branch="false" />
			<line number="5907"  hits="0"  branch="true"  condition-coverage="0% (0/3)" />
			<line number="5908"  hits="0"  branch="false" />
			<line number="5911"  hits="0"  branch="false" />
			<line number="5914"  hits="0"  branch="false" />
			<line number="5920"  hits="1"  branch="false" />
			<line number="5922"  hits="1"  branch="false" />
			<line number="5925"  hits="1"  branch="true"  condition-coverage="33.33333333333333% (1/3)" />
			<line number="5926"  hits="1"  branch="true"  condition-coverage="33.33333333333333% (1/3)" />
			<line number="5928"  hits="1"  branch="false" />
			<line number="5929"  hits="0"  branch="false" />
			<line number="5930"  hits="0"  branch="false" />
			<line number="5931"  hits="0"  branch="false" />
			<line number="5932"  hits="0"  branch="false" />
			<line number="5933"  hits="0"  branch="false" />
			<line number="5934"  hits="0"  branch="false" />
			<line number="5937"  hits="1"  branch="true"  condition-coverage="50% (1/2)" />
			<line number="5938"  hits="0"  branch="false" />
			<line number="5939"  hits="0"  branch="false" />
			<line number="5942"  hits="1"  branch="true"  condition-coverage="50% (1/2)" />
			<line number="5943"  hits="0"  branch="false" />
			<line number="5944"  hits="0"  branch="false" />
			<line number="5947"  hits="1"  branch="true"  condition-coverage="50% (1/2)" />
			<line number="5948"  hits="1"  branch="false" />
			<line number="5966"  hits="1"  branch="false" />
			<line number="5968"  hits="1"  branch="false" />
			<line number="5969"  hits="1"  branch="false" />
			<line number="5971"  hits="1"  branch="false" />
			<line number="5972"  hits="0"  branch="false" />
			<line number="5974"  hits="0"  branch="true"  condition-coverage="0% (0/2)" />
			<line number="5975"  hits="0"  branch="false" />
			<line number="5978"  hits="1"  branch="false" />
			<line number="5979"  hits="0"  branch="false" />
			<line number="5980"  hits="0"  branch="true"  condition-coverage="0% (0/3)" />
			<line number="5981"  hits="0"  branch="false" />
			<line number="5982"  hits="0"  branch="false" />
			<line number="5983"  hits="0"  branch="true"  condition-coverage="0% (0/2)" />
			<line number="5984"  hits="0"  branch="false" />
			<line number="5986"  hits="0"  branch="true"  condition-coverage="0% (0/2)" />
			<line number="5987"  hits="0"  branch="false" />
			<line number="5988"  hits="0"  branch="true"  condition-coverage="0% (0/2)" />
			<line number="5989"  hits="0"  branch="false" />
			<line number="5991"  hits="0"  branch="false" />
			<line number="5993"  hits="0"  branch="false" />
			<line number="5997"  hits="0"  branch="false" />
			<line number="5998"  hits="0"  branch="false" />
			<line number="6000"  hits="0"  branch="false" />
			<line number="6003"  hits="0"  branch="true"  condition-coverage="0% (0/2)" />
			<line number="6004"  hits="0"  branch="true"  condition-coverage="0% (0/2)" />
			<line number="6005"  hits="0"  branch="false" />
			<line number="6006"  hits="0"  branch="false" />
			<line number="6008"  hits="0"  branch="false" />
			<line number="6012"  hits="0"  branch="false" />
			<line number="6015"  hits="0"  branch="true"  condition-coverage="0% (0/2)" />
			<line number="6016"  hits="0"  branch="false" />
			<line number="6017"  hits="0"  branch="false" />
			<line number="6021"  hits="0"  branch="false" />
			<line number="6024"  hits="1"  branch="false" />
			<line number="6032"  hits="1"  branch="false" />
			<line number="6033"  hits="1"  branch="false" />
			<line number="6036"  hits="1"  branch="true"  condition-coverage="33.33333333333333% (1/3)" />
			<line number="6037"  hits="1"  branch="true"  condition-coverage="33.33333333333333% (1/3)" />
			<line number="6039"  hits="1"  branch="false" />
			<line number="6040"  hits="0"  branch="false" />
			<line number="6041"  hits="0"  branch="false" />
			<line number="6042"  hits="0"  branch="false" />
			<line number="6045"  hits="1"  branch="true"  condition-coverage="50% (1/2)" />
			<line number="6046"  hits="0"  branch="false" />
			<line number="6047"  hits="1"  branch="true"  condition-coverage="50% (1/2)" />
			<line number="6048"  hits="0"  branch="false" />
			<line number="6049"  hits="1"  branch="true"  condition-coverage="50% (1/2)" />
			<line number="6050"  hits="1"  branch="false" />
			<line number="6066"  hits="1"  branch="false" />
			<line number="6068"  hits="1"  branch="false" />
			<line number="6069"  hits="0"  branch="false" />
			<line number="6070"  hits="0"  branch="true"  condition-coverage="0% (0/2)" />
			<line number="6071"  hits="0"  branch="false" />
			<line number="6074"  hits="0"  branch="false" />
			<line number="6076"  hits="0"  branch="false" />
			<line number="6077"  hits="0"  branch="false" />
			<line number="6079"  hits="0"  branch="false" />
			<line number="6082"  hits="0"  branch="true"  condition-coverage="0% (0/2)" />
			<line number="6083"  hits="0"  branch="false" />
			<line number="6086"  hits="0"  branch="true"  condition-coverage="0% (0/2)" />
			<line number="6087"  hits="0"  branch="false" />
			<line number="6090"  hits="0"  branch="false" />
			<line number="6094"  hits="1"  branch="false" />
			<line number="6095"  hits="1"  branch="false" />
			<line number="6096"  hits="0"  branch="true"  condition-coverage="0% (0/4)" />
			<line number="6097"  hits="0"  branch="false" />
			<line number="6100"  hits="0"  branch="true"  condition-coverage="0% (0/2)" />
			<line number="6101"  hits="0"  branch="false" />
			<line number="6102"  hits="0"  branch="false" />
			<line number="6103"  hits="0"  branch="false" />
			<line number="6104"  hits="0"  branch="false" />
			<line number="6105"  hits="0"  branch="false" />
			<line number="6109"  hits="0"  branch="false" />
			<line number="6110"  hits="0"  branch="true"  condition-coverage="0% (0/4)" />
			<line number="6111"  hits="0"  branch="false" />
			<line number="6113"  hits="0"  branch="true"  condition-coverage="0% (0/4)" />
			<line number="6114"  hits="0"  branch="false" />
			<line number="6116"  hits="0"  branch="true"  condition-coverage="0% (0/4)" />
			<line number="6117"  hits="0"  branch="false" />
			<line number="6120"  hits="0"  branch="false" />
			<line number="6122"  hits="0"  branch="false" />
			<line number="6127"  hits="0"  branch="false" />
			<line number="6130"  hits="1"  branch="false" />
			<line number="6131"  hits="1"  branch="false" />
			<line number="6134"  hits="1"  branch="true"  condition-coverage="33.33333333333333% (1/3)" />
			<line number="6135"  hits="1"  branch="true"  condition-coverage="33.33333333333333% (1/3)" />
			<line number="6137"  hits="1"  branch="false" />
			<line number="6138"  hits="0"  branch="false" />
			<line number="6139"  hits="0"  branch="false" />
			<line number="6140"  hits="0"  branch="false" />
			<line number="6143"  hits="1"  branch="true"  condition-coverage="50% (1/2)" />
			<line number="6144"  hits="0"  branch="false" />
			<line number="6145"  hits="0"  branch="false" />
			<line number="6148"  hits="1"  branch="true"  condition-coverage="50% (1/2)" />
			<line number="6149"  hits="0"  branch="false" />
			<line number="6150"  hits="0"  branch="false" />
			<line number="6153"  hits="1"  branch="true"  condition-coverage="50% (1/2)" />
			<line number="6154"  hits="1"  branch="false" />
			<line number="6174"  hits="1"  branch="false" />
			<line number="6176"  hits="1"  branch="false" />
			<line number="6178"  hits="1"  branch="false" />
			<line number="6179"  hits="1"  branch="false" />
			<line number="6181"  hits="1"  branch="false" />
			<line number="6182"  hits="0"  branch="false" />
			<line number="6184"  hits="0"  branch="false" />
			<line number="6185"  hits="0"  branch="false" />
			<line number="6187"  hits="0"  branch="true"  condition-coverage="0% (0/2)" />
			<line number="6188"  hits="0"  branch="false" />
			<line number="6191"  hits="0"  branch="true"  condition-coverage="0% (0/4)" />
			<line number="6192"  hits="0"  branch="false" />
			<line number="6194"  hits="0"  branch="true"  condition-coverage="0% (0/2)" />
			<line number="6195"  hits="0"  branch="false" />
			<line number="6198"  hits="0"  branch="true"  condition-coverage="0% (0/2)" />
			<line number="6199"  hits="0"  branch="false" />
			<line number="6206"  hits="1"  branch="false" />
			<line number="6207"  hits="0"  branch="true"  condition-coverage="0% (0/2)" />
			<line number="6208"  hits="0"  branch="true"  condition-coverage="0% (0/2)" />
			<line number="6209"  hits="0"  branch="false" />
			<line number="6212"  hits="1"  branch="false" />
			<line number="6213"  hits="19"  branch="true"  condition-coverage="100% (2/2)" />
			<line number="6214"  hits="18"  branch="false" />
			<line number="6215"  hits="18"  branch="false" />
			<line number="6218"  hits="19"  branch="false" />
			<line number="6219"  hits="0"  branch="false" />
			<line number="6221"  hits="0"  branch="false" />
			<line number="6222"  hits="0"  branch="false" />
			<line number="6224"  hits="0"  branch="true"  condition-coverage="0% (0/2)" />
			<line number="6225"  hits="0"  branch="false" />
			<line number="6227"  hits="0"  branch="true"  condition-coverage="0% (0/2)" />
			<line number="6231"  hits="0"  branch="true"  condition-coverage="0% (0/2)" />
			<line number="6232"  hits="0"  branch="true"  condition-coverage="0% (0/2)" />
			<line number="6234"  hits="0"  branch="false" />
			<line number="6239"  hits="1"  branch="false" />
			<line number="6240"  hits="0"  branch="true"  condition-coverage="0% (0/4)" />
			<line number="6244"  hits="1"  branch="false" />
			<line number="6248"  hits="0"  branch="false" />
			<line number="6249"  hits="0"  branch="true"  condition-coverage="0% (0/2)" />
			<line number="6251"  hits="0"  branch="false" />
			<line number="6257"  hits="0"  branch="false" />
			<line number="6258"  hits="0"  branch="false" />
			<line number="6259"  hits="0"  branch="false" />
			<line number="6261"  hits="0"  branch="true"  condition-coverage="0% (0/2)" />
			<line number="6262"  hits="0"  branch="false" />
			<line number="6263"  hits="0"  branch="false" />
			<line number="6264"  hits="0"  branch="false" />
			<line number="6265"  hits="0"  branch="false" />
			<line number="6266"  hits="0"  branch="false" />
			<line number="6267"  hits="0"  branch="true"  condition-coverage="0% (0/2)" />
			<line number="6268"  hits="0"  branch="false" />
			<line number="6271"  hits="0"  branch="false" />
			<line number="6276"  hits="0"  branch="false" />
			<line number="6279"  hits="0"  branch="false" />
			<line number="6284"  hits="0"  branch="false" />
			<line number="6286"  hits="0"  branch="true"  condition-coverage="0% (0/2)" />
			<line number="6287"  hits="0"  branch="false" />
			<line number="6289"  hits="0"  branch="false" />
			<line number="6291"  hits="0"  branch="false" />
			<line number="6296"  hits="0"  branch="true"  condition-coverage="0% (0/2)" />
			<line number="6297"  hits="0"  branch="false" />
			<line number="6300"  hits="0"  branch="true"  condition-coverage="0% (0/2)" />
			<line number="6301"  hits="0"  branch="true"  condition-coverage="0% (0/3)" />
			<line number="6302"  hits="0"  branch="true"  condition-coverage="0% (0/2)" />
			<line number="6304"  hits="0"  branch="false" />
			<line number="6305"  hits="0"  branch="true"  condition-coverage="0% (0/5)" />
			<line number="6306"  hits="0"  branch="false" />
			<line number="6310"  hits="0"  branch="false" />
			<line number="6314"  hits="0"  branch="false" />
			<line number="6315"  hits="0"  branch="true"  condition-coverage="0% (0/2)" />
			<line number="6316"  hits="0"  branch="false" />
			<line number="6318"  hits="0"  branch="false" />
			<line number="6324"  hits="0"  branch="false" />
			<line number="6329"  hits="1"  branch="false" />
			<line number="6330"  hits="1"  branch="false" />
			<line number="6331"  hits="0"  branch="false" />
			<line number="6333"  hits="1"  branch="false" />
			<line number="6334"  hits="1"  branch="false" />
			<line number="6335"  hits="1"  branch="false" />
			<line number="6336"  hits="1"  branch="false" />
			<line number="6337"  hits="1"  branch="false" />
			<line number="6341"  hits="1"  branch="false" />
			<line number="6342"  hits="1"  branch="false" />
			<line number="6343"  hits="1"  branch="false" />
			<line number="6344"  hits="1"  branch="false" />
			<line number="6345"  hits="1"  branch="false" />
			<line number="6346"  hits="1"  branch="false" />
			<line number="6347"  hits="1"  branch="false" />
			<line number="6348"  hits="1"  branch="false" />
			<line number="6349"  hits="1"  branch="false" />
			<line number="6350"  hits="1"  branch="false" />
			<line number="6351"  hits="1"  branch="false" />
			<line number="6352"  hits="1"  branch="false" />
			<line number="6354"  hits="1"  branch="false" />
			<line number="6355"  hits="1"  branch="false" />
			<line number="6358"  hits="1"  branch="true"  condition-coverage="33.33333333333333% (1/3)" />
			<line number="6359"  hits="1"  branch="true"  condition-coverage="33.33333333333333% (1/3)" />
			<line number="6361"  hits="1"  branch="false" />
			<line number="6362"  hits="0"  branch="false" />
			<line number="6363"  hits="0"  branch="false" />
			<line number="6364"  hits="0"  branch="false" />
			<line number="6365"  hits="0"  branch="false" />
			<line number="6368"  hits="1"  branch="true"  condition-coverage="50% (1/2)" />
			<line number="6369"  hits="0"  branch="false" />
			<line number="6370"  hits="0"  branch="false" />
			<line number="6373"  hits="1"  branch="true"  condition-coverage="50% (1/2)" />
			<line number="6374"  hits="0"  branch="false" />
			<line number="6375"  hits="0"  branch="false" />
			<line number="6378"  hits="1"  branch="true"  condition-coverage="50% (1/2)" />
			<line number="6379"  hits="1"  branch="false" />
			<line number="6386"  hits="1"  branch="false" />
		</lines>
		</class>
	</classes>
	</package>
	<package name="spec.javascripts.helpers.jasmine_examples"  line-rate="0.4"  branch-rate="0" >
	<classes>
		<class name="SpecHelper.js"  filename="spec/javascripts/helpers/jasmine_examples/SpecHelper.js"  line-rate="0.4"  branch-rate="0" >
		<methods>
			<method name="(anonymous_1)"  hits="1"  signature="()V" >
				<lines><line number="1"  hits="1" /></lines>
			</method>
			<method name="(anonymous_2)"  hits="0"  signature="()V" >
				<lines><line number="3"  hits="0" /></lines>
			</method>
			<method name="(anonymous_3)"  hits="0"  signature="()V" >
				<lines><line number="5"  hits="0" /></lines>
			</method>
		</methods>
		<lines>
			<line number="1"  hits="1"  branch="false" />
			<line number="2"  hits="1"  branch="false" />
			<line number="4"  hits="0"  branch="false" />
			<line number="6"  hits="0"  branch="false" />
			<line number="7"  hits="0"  branch="false" />
		</lines>
		</class>
	</classes>
	</package>
</packages>
</coverage>
