{
  "RSpec": {
    "coverage": {
      "/Users/Dalton/Documents/Homework/Fall_2015/CS_169/Tempo/app/tempo/spec/features/capybara_tests_spec.rb": [
        null,
        1,
        null,
        1,
        1,
        1,
        null,
        1,
        1,
        1,
        1,
        1,
        1,
        null,
        1,
        null,
        null,
        null,
        1,
        1,
        1,
        null,
        null,
        1,
        1,
        null,
        null,
        1,
        1,
        1,
        1,
        null,
        null,
        1,
        1,
        null,
        null,
        null,
        1,
        1,
        1,
        null,
        null,
        1,
        1,
        null,
        null,
        1,
        1,
        1,
        1,
        null,
        null,
        1,
        1,
        1,
        null,
        null,
        null,
        1,
        1,
        5,
        null,
        null,
        1,
        1,
        null,
        null,
        1,
        1,
        1,
        1,
        null,
        null,
        1,
        1,
        null,
        null,
        1,
        1,
        null,
        null,
        1,
        1,
        1,
        1,
        null,
        null,
        1,
        1,
        null,
        null,
        1,
        1,
        null,
        null,
        1,
        1,
        1,
        1,
        null,
        null,
        1,
        1,
        null,
        null,
        1,
        1,
        null,
        null,
        1,
        1,
        1,
        1,
        null,
        null,
        1,
        1,
        null,
        null,
        1,
        1,
        null,
        null,
        1,
        1,
        1,
        1,
        null,
        null,
        1,
        1,
        null,
        null,
        1,
        1,
        null,
        null,
        1,
        1,
        1,
        1,
        1,
        1,
        null,
        null,
        null
      ],
      "/Users/Dalton/Documents/Homework/Fall_2015/CS_169/Tempo/app/tempo/spec/rails_helper.rb": [
        null,
        1,
        1,
        null,
        1,
        1,
        1,
        null,
        null,
        null,
        null,
        null,
        null,
        null,
        null,
        null,
        null,
        null,
        null,
        null,
        null,
        null,
        null,
        null,
        null,
        null,
        1,
        null,
        1,
        1,
        null,
        null,
        1,
        null,
        null,
        null,
        null,
        1,
        null,
        1,
        null,
        null,
        1,
        1,
        null,
        null,
        1,
        91,
        null,
        null,
        1,
        8,
        null,
        null,
        1,
        91,
        null,
        null,
        1,
        91,
        null,
        null,
        null,
        null,
        null,
        null,
        null,
        null,
        null,
        null,
        null,
        null,
        null,
        null,
        null,
        1,
        null
      ],
      "/Users/Dalton/Documents/Homework/Fall_2015/CS_169/Tempo/app/tempo/config/environment.rb": [
        null,
        1,
        null,
        null,
        1
      ],
      "/Users/Dalton/Documents/Homework/Fall_2015/CS_169/Tempo/app/tempo/config/application.rb": [
        1,
        null,
        1,
        null,
        null,
        null,
        1,
        null,
        1,
        1,
        null,
        null,
        null,
        null,
        null,
        null,
        null,
        null,
        null,
        null,
        null,
        null,
        null,
        1,
        1,
        1,
        null,
        null,
        1,
        null,
        null,
        null
      ],
      "/Users/Dalton/Documents/Homework/Fall_2015/CS_169/Tempo/app/tempo/config/boot.rb": [
        1,
        null,
        1
      ],
      "/Users/Dalton/Documents/Homework/Fall_2015/CS_169/Tempo/app/tempo/config/environments/test.rb": [
        1,
        null,
        null,
        null,
        null,
        null,
        null,
        1,
        null,
        null,
        null,
        null,
        1,
        null,
        null,
        1,
        1,
        null,
        null,
        1,
        1,
        null,
        null,
        1,
        null,
        null,
        1,
        null,
        null,
        null,
        null,
        1,
        null,
        null,
        1,
        null,
        null,
        1,
        null,
        null,
        null,
        null
      ],
      "/Users/Dalton/Documents/Homework/Fall_2015/CS_169/Tempo/app/tempo/config/initializers/assets.rb": [
        null,
        null,
        null,
        1,
        null,
        null,
        null,
        null,
        null,
        null,
        null,
        1
      ],
      "/Users/Dalton/Documents/Homework/Fall_2015/CS_169/Tempo/app/tempo/config/initializers/backtrace_silencers.rb": [
        null,
        null,
        null,
        null,
        null,
        null,
        null
      ],
      "/Users/Dalton/Documents/Homework/Fall_2015/CS_169/Tempo/app/tempo/config/initializers/cookies_serializer.rb": [
        null,
        null,
        1
      ],
      "/Users/Dalton/Documents/Homework/Fall_2015/CS_169/Tempo/app/tempo/config/initializers/filter_parameter_logging.rb": [
        null,
        null,
        null,
        1
      ],
      "/Users/Dalton/Documents/Homework/Fall_2015/CS_169/Tempo/app/tempo/config/initializers/inflections.rb": [
        null,
        null,
        null,
        null,
        null,
        null,
        null,
        null,
        null,
        null,
        null,
        null,
        null,
        null,
        null,
        null
      ],
      "/Users/Dalton/Documents/Homework/Fall_2015/CS_169/Tempo/app/tempo/config/initializers/mime_types.rb": [
        null,
        null,
        null,
        null
      ],
      "/Users/Dalton/Documents/Homework/Fall_2015/CS_169/Tempo/app/tempo/config/initializers/omniauth.rb": [
        1,
        1,
        1,
        null
      ],
      "/Users/Dalton/Documents/Homework/Fall_2015/CS_169/Tempo/app/tempo/config/initializers/session_store.rb": [
        null,
        null,
        1
      ],
      "/Users/Dalton/Documents/Homework/Fall_2015/CS_169/Tempo/app/tempo/config/initializers/wrap_parameters.rb": [
        null,
        null,
        null,
        null,
        null,
        null,
        1,
        1,
        null,
        null,
        null,
        null,
        null,
        null
      ],
      "/Users/Dalton/Documents/Homework/Fall_2015/CS_169/Tempo/app/tempo/config/initializers/yt.rb": [
        1,
        1,
        null
      ],
      "/Users/Dalton/Documents/Homework/Fall_2015/CS_169/Tempo/app/tempo/spec/teaspoon_env.rb": [
        1,
        null,
        null,
        1,
        null,
        null,
        null,
        null,
        1,
        null,
        null,
        null,
        1,
        null,
        null,
        null,
        1,
        null,
        null,
        null,
        null,
        null,
        null,
        null,
        null,
        null,
        null,
        null,
        null,
        1,
        null,
        null,
        null,
        null,
        null,
        null,
        1,
        null,
        null,
        null,
        1,
        null,
        null,
        null,
        null,
        null,
        null,
        null,
        null,
        null,
        null,
        1,
        null,
        null,
        null,
        null,
        null,
        1,
        null,
        null,
        1,
        null,
        null,
        null,
        null,
        null,
        null,
        null,
        null,
        null,
        null,
        null,
        null,
        null,
        null,
        null,
        null,
        null,
        null,
        null,
        null,
        null,
        null,
        null,
        null,
        null,
        null,
        null,
        null,
        null,
        null,
        null,
        null,
        null,
        null,
        null,
        null,
        null,
        null,
        null,
        null,
        null,
        null,
        null,
        null,
        null,
        null,
        null,
        null,
        null,
        null,
        null,
        null,
        null,
        null,
        null,
        null,
        null,
        null,
        null,
        null,
        null,
        null,
        null,
        null,
        null,
        null,
        null,
        null,
        null,
        null,
        null,
        null,
        null,
        null,
        null,
        null,
        null,
        null,
        null,
        null,
        null,
        null,
        null,
        null,
        null,
        null,
        null,
        null,
        null,
        null,
        null,
        null,
        null,
        null,
        null,
        null,
        null,
        null,
        null,
        1,
        1,
        1,
        1,
        1,
        1,
        1,
        1,
        null,
        null,
        null,
        null,
        null,
        null,
        null,
        null,
        null,
        null,
        null,
        null,
        null,
        null,
        null,
        null,
        null,
        null,
        null,
        null,
        null
      ],
      "/Users/Dalton/Documents/Homework/Fall_2015/CS_169/Tempo/app/tempo/config/routes.rb": [
        1,
        null,
        null,
        null,
        null,
        1,
        null,
        null,
        1,
        1,
        1,
        1,
        1,
        1,
        1,
        1,
        1,
        1,
        1,
        1,
        null,
        null,
        1,
        1,
        1,
        1,
        1,
        1,
        null,
        null,
        1,
        1,
        1,
        1,
        1,
        1,
        1,
        1,
        1,
        1,
        null,
        null,
        1,
        1,
        1,
        1,
        1,
        1,
        null,
        null,
        1,
        1,
        1,
        null,
        null,
        1,
        null,
        null,
        1,
        null,
        null,
        1,
        null,
        null
      ],
      "/Users/Dalton/Documents/Homework/Fall_2015/CS_169/Tempo/app/tempo/app/helpers/account_activations_helper.rb": [
        1,
        null
      ],
      "/Users/Dalton/Documents/Homework/Fall_2015/CS_169/Tempo/app/tempo/app/helpers/activities_helper.rb": [
        1,
        null
      ],
      "/Users/Dalton/Documents/Homework/Fall_2015/CS_169/Tempo/app/tempo/app/helpers/application_helper.rb": [
        1,
        null
      ],
      "/Users/Dalton/Documents/Homework/Fall_2015/CS_169/Tempo/app/tempo/app/helpers/custom_activities_helper.rb": [
        1,
        null
      ],
      "/Users/Dalton/Documents/Homework/Fall_2015/CS_169/Tempo/app/tempo/app/helpers/interests_helper.rb": [
        1,
        null
      ],
      "/Users/Dalton/Documents/Homework/Fall_2015/CS_169/Tempo/app/tempo/app/helpers/sessions_helper.rb": [
        1,
        null
      ],
      "/Users/Dalton/Documents/Homework/Fall_2015/CS_169/Tempo/app/tempo/app/helpers/users_helper.rb": [
        1,
        null
      ],
      "/Users/Dalton/Documents/Homework/Fall_2015/CS_169/Tempo/app/tempo/spec/requests/activities/activities_basic_spec.rb": [
        1,
        null,
        1,
        null,
        null,
        1,
        null,
        1,
        1,
        1,
        1,
        1,
        null,
        null,
        1,
        1,
        1,
        1,
        1,
        null,
        null,
        null,
        1,
        null,
        1,
        1,
        1,
        1,
        1,
        null,
        1,
        1,
        null,
        null,
        1,
        1,
        1,
        1,
        1,
        null,
        null,
        1,
        1,
        1,
        1,
        1,
        null,
        null,
        1,
        1,
        1,
        1,
        1,
        null,
        null,
        null,
        null,
        1,
        null,
        1,
        1,
        1,
        1,
        1,
        null,
        1,
        1,
        null,
        null,
        1,
        1,
        1,
        1,
        null,
        1,
        1,
        null,
        null,
        1,
        null,
        null,
        1,
        1,
        1,
        1,
        null,
        null,
        null,
        1,
        null,
        1,
        1,
        1,
        1,
        1,
        1,
        null,
        null,
        1,
        1,
        1,
        1,
        1,
        null,
        1,
        1,
        1,
        1,
        1,
        null,
        1,
        1,
        1,
        1,
        1,
        null,
        null,
        1,
        1,
        1,
        1,
        1,
        1,
        null,
        null,
        1,
        1,
        1,
        1,
        1,
        1,
        1,
        null,
        null,
        1,
        1,
        1,
        1,
        1,
        1,
        1,
        null,
        null,
        1,
        1,
        1,
        1,
        1,
        1,
        1,
        null,
        null,
        1,
        1,
        1,
        1,
        1,
        1,
        1,
        null,
        null,
        1,
        1,
        1,
        1,
        1,
        1,
        1,
        null,
        null,
        null,
        1,
        null,
        1,
        1,
        1,
        1,
        1,
        null,
        1,
        1,
        null,
        null,
        1,
        1,
        1,
        1,
        null,
        null,
        1,
        1,
        1,
        1,
        1,
        1,
        null,
        null,
        1,
        1,
        1,
        1,
        null,
        null,
        null,
        null
      ],
      "/Users/Dalton/Documents/Homework/Fall_2015/CS_169/Tempo/app/tempo/spec/requests/activities/get_interests_for_activity_spec.rb": [
        1,
        null,
        1,
        null,
        null,
        1,
        null,
        1,
        1,
        1,
        1,
        1,
        1,
        1,
        null,
        null,
        1,
        1,
        1,
        1,
        1,
        1,
        null,
        null,
        1,
        1,
        1,
        1,
        null,
        null
      ],
      "/Users/Dalton/Documents/Homework/Fall_2015/CS_169/Tempo/app/tempo/spec/requests/activities/likes_spec.rb": [
        1,
        null,
        1,
        null,
        1,
        null,
        7,
        7,
        7,
        7,
        7,
        7,
        null,
        null,
        7,
        7,
        7,
        7,
        7,
        null,
        null,
        null,
        1,
        1,
        1,
        1,
        null,
        1,
        1,
        1,
        1,
        null,
        null,
        null,
        1,
        1,
        1,
        1,
        null,
        null,
        null,
        1,
        null,
        1,
        1,
        1,
        1,
        1,
        1,
        1,
        1,
        null,
        null,
        1,
        1,
        1,
        1,
        1,
        1,
        1,
        1,
        null,
        null,
        1,
        1,
        1,
        1,
        1,
        1,
        1,
        null,
        null,
        1,
        1,
        1,
        1,
        1,
        1,
        1,
        1,
        null,
        null,
        1,
        1,
        1,
        1,
        1,
        null,
        null,
        1,
        1,
        1,
        1,
        1,
        1,
        1,
        null,
        null,
        null,
        1,
        null,
        1,
        1,
        1,
        1,
        null,
        null,
        1,
        1,
        1,
        1,
        null,
        null,
        null,
        1,
        null,
        1,
        1,
        1,
        1,
        1,
        1,
        1,
        1,
        null,
        null,
        1,
        1,
        1,
        1,
        1,
        1,
        1,
        1,
        null,
        null,
        1,
        1,
        1,
        1,
        1,
        1,
        1,
        null,
        null,
        1,
        1,
        1,
        1,
        1,
        1,
        1,
        1,
        null,
        null,
        1,
        1,
        1,
        1,
        1,
        null,
        null,
        1,
        1,
        1,
        1,
        1,
        1,
        1,
        null,
        null,
        null,
        1,
        null,
        1,
        1,
        1,
        1,
        null,
        null,
        1,
        1,
        1,
        1,
        null,
        null,
        null,
        1,
        null,
        1,
        1,
        1,
        1,
        1,
        1,
        1,
        1,
        null,
        null,
        1,
        1,
        1,
        1,
        1,
        1,
        1,
        1,
        null,
        null,
        1,
        1,
        1,
        1,
        1,
        1,
        1,
        1,
        null,
        null
      ],
      "/Users/Dalton/Documents/Homework/Fall_2015/CS_169/Tempo/app/tempo/spec/requests/custom_activities/custom_activities_basic_spec.rb": [
        1,
        null,
        1,
        1,
        24,
        24,
        null,
        24,
        null,
        24,
        null,
        24,
        24,
        null,
        24,
        24,
        null,
        24,
        null,
        24,
        null,
        24,
        24,
        null,
        null,
        null,
        1,
        1,
        1,
        null,
        1,
        null,
        1,
        null,
        1,
        1,
        1,
        1,
        null,
        null,
        1,
        1,
        1,
        null,
        1,
        null,
        1,
        1,
        1,
        null,
        null,
        1,
        1,
        1,
        null,
        1,
        null,
        1,
        null,
        1,
        1,
        null,
        null,
        1,
        null,
        1,
        1,
        1,
        null,
        1,
        null,
        1,
        1,
        null,
        null,
        1,
        1,
        1,
        null,
        1,
        null,
        1,
        null,
        1,
        1,
        null,
        null,
        null,
        1,
        1,
        1,
        1,
        1,
        1,
        null,
        1,
        1,
        1,
        1,
        null,
        null,
        1,
        1,
        1,
        1,
        null,
        1,
        1,
        1,
        1,
        null,
        null,
        1,
        1,
        1,
        null,
        1,
        null,
        1,
        1,
        null,
        1,
        1,
        null,
        1,
        null,
        1,
        1,
        1,
        null,
        null,
        1,
        1,
        1,
        null,
        1,
        null,
        1,
        1,
        null,
        1,
        1,
        null,
        1,
        null,
        1,
        1,
        1,
        null,
        null,
        1,
        1,
        1,
        null,
        1,
        null,
        1,
        1,
        null,
        1,
        1,
        null,
        1,
        null,
        1,
        1,
        1,
        null,
        null,
        1,
        1,
        1,
        null,
        1,
        null,
        1,
        1,
        null,
        1,
        1,
        null,
        1,
        null,
        1,
        1,
        1,
        null,
        null,
        1,
        1,
        1,
        null,
        1,
        null,
        1,
        1,
        null,
        1,
        1,
        null,
        1,
        null,
        1,
        1,
        1,
        null,
        null,
        1,
        1,
        1,
        null,
        1,
        null,
        1,
        1,
        null,
        1,
        1,
        null,
        1,
        null,
        1,
        1,
        1,
        null,
        null,
        null,
        1,
        1,
        1,
        null,
        1,
        null,
        1,
        null,
        1,
        1,
        null,
        1,
        null,
        1,
        null,
        1,
        null,
        1,
        null,
        1,
        1,
        null,
        null,
        1,
        1,
        null,
        1,
        null,
        1,
        1,
        null,
        null,
        null,
        1,
        1,
        1,
        null,
        1,
        null,
        1,
        1,
        null,
        1,
        1,
        1,
        null,
        null,
        1,
        1,
        1,
        null,
        1,
        null,
        1,
        1,
        null,
        1,
        1,
        null,
        1,
        null,
        1,
        1,
        1,
        null,
        null,
        1,
        1,
        1,
        null,
        1,
        null,
        1,
        1,
        null,
        1,
        1,
        null,
        1,
        null,
        1,
        1,
        1,
        null,
        null,
        1,
        1,
        1,
        null,
        1,
        null,
        1,
        1,
        null,
        1,
        1,
        null,
        1,
        null,
        1,
        1,
        1,
        null,
        null,
        1,
        1,
        1,
        null,
        1,
        null,
        1,
        1,
        null,
        1,
        1,
        null,
        1,
        null,
        1,
        1,
        1,
        null,
        null,
        1,
        1,
        1,
        null,
        1,
        null,
        1,
        1,
        null,
        1,
        1,
        null,
        1,
        null,
        1,
        1,
        1,
        null,
        null,
        null,
        1,
        null,
        1,
        1,
        1,
        1,
        1,
        null,
        null,
        1,
        1,
        1,
        1,
        null,
        null,
        1,
        null,
        1,
        1,
        1,
        1,
        1,
        null,
        null,
        1,
        1,
        1,
        1,
        null,
        null,
        1,
        null,
        1,
        1,
        1,
        1,
        1,
        null,
        null,
        1,
        1,
        1,
        1,
        null,
        null,
        1,
        null,
        1,
        1,
        1,
        1,
        1,
        null,
        null,
        1,
        1,
        1,
        1,
        null,
        null,
        null
      ],
      "/Users/Dalton/Documents/Homework/Fall_2015/CS_169/Tempo/app/tempo/spec/requests/interests/get_users_with_interest_spec.rb": [
        1,
        null,
        1,
        null,
        null,
        1,
        null,
        1,
        1,
        1,
        1,
        1,
        null,
        1,
        1,
        1,
        null,
        null,
        1,
        1,
        1,
        1,
        1,
        null,
        1,
        1,
        1,
        null,
        null,
        1,
        1,
        1,
        1,
        1,
        1,
        1,
        1,
        1,
        null,
        null,
        1,
        1,
        1,
        1,
        1,
        1,
        1,
        1,
        1,
        null,
        null,
        1,
        1,
        1,
        1,
        1,
        1,
        1,
        1,
        1,
        null,
        null,
        1,
        1,
        1,
        1,
        1,
        null,
        null,
        1,
        1,
        1,
        1,
        1,
        null,
        null,
        1,
        1,
        1,
        1,
        1,
        null,
        1,
        1,
        3,
        null,
        null,
        1,
        null,
        null,
        1,
        1,
        1,
        1,
        null,
        null
      ],
      "/Users/Dalton/Documents/Homework/Fall_2015/CS_169/Tempo/app/tempo/spec/requests/interests/interests_basic_spec.rb": [
        1,
        null,
        1,
        null,
        null,
        1,
        null,
        1,
        1,
        1,
        1,
        1,
        null,
        1,
        1,
        null,
        null,
        1,
        1,
        1,
        1,
        1,
        null,
        null,
        null,
        1,
        null,
        1,
        1,
        1,
        1,
        1,
        1,
        1,
        null,
        null,
        1,
        1,
        1,
        1,
        1,
        null,
        1,
        1,
        1,
        1,
        null,
        null,
        1,
        1,
        1,
        1,
        1,
        null,
        null,
        1,
        1,
        1,
        1,
        1,
        null,
        null,
        null,
        1,
        null,
        1,
        1,
        1,
        1,
        1,
        1,
        1,
        null,
        null,
        1,
        1,
        1,
        1,
        1,
        1,
        1,
        null,
        null,
        1,
        1,
        1,
        1,
        null,
        null,
        null,
        1,
        null,
        1,
        1,
        1,
        1,
        1,
        1,
        null,
        null,
        1,
        1,
        1,
        1,
        1,
        null,
        null,
        1,
        1,
        1,
        1,
        1,
        null,
        null,
        1,
        1,
        1,
        1,
        1,
        1,
        null,
        null,
        null,
        1,
        null,
        1,
        1,
        1,
        1,
        1,
        1,
        1,
        null,
        null,
        1,
        1,
        1,
        1,
        null,
        null,
        1,
        1,
        1,
        1,
        1,
        1,
        null,
        null,
        1,
        1,
        1,
        1,
        null,
        null,
        null
      ],
      "/Users/Dalton/Documents/Homework/Fall_2015/CS_169/Tempo/app/tempo/spec/requests/users/completion_system_spec.rb": [
        1,
        null,
        1,
        null,
        1,
        18,
        18,
        18,
        18,
        18,
        18,
        null,
        18,
        18,
        18,
        18,
        18,
        null,
        18,
        18,
        18,
        18,
        18,
        null,
        null,
        null,
        null,
        1,
        1,
        1,
        1,
        1,
        null,
        1,
        1,
        1,
        1,
        1,
        null,
        null,
        1,
        1,
        1,
        1,
        1,
        1,
        1,
        null,
        null,
        1,
        1,
        1,
        1,
        1,
        1,
        1,
        null,
        null,
        1,
        1,
        1,
        1,
        1,
        1,
        1,
        null,
        null,
        1,
        1,
        1,
        1,
        1,
        1,
        1,
        null,
        null,
        1,
        1,
        1,
        1,
        1,
        1,
        1,
        null,
        null,
        1,
        1,
        1,
        1,
        1,
        1,
        1,
        null,
        null,
        1,
        1,
        1,
        1,
        1,
        1,
        1,
        null,
        null,
        null,
        1,
        1,
        1,
        1,
        1,
        null,
        1,
        1,
        1,
        null,
        1,
        1,
        1,
        1,
        1,
        null,
        null,
        null,
        1,
        1,
        1,
        1,
        1,
        null,
        1,
        1,
        1,
        1,
        1,
        null,
        null,
        1,
        1,
        1,
        1,
        1,
        1,
        1,
        null,
        null,
        1,
        1,
        1,
        1,
        1,
        1,
        1,
        null,
        null,
        1,
        1,
        1,
        1,
        1,
        1,
        1,
        null,
        null,
        1,
        1,
        1,
        1,
        1,
        1,
        1,
        null,
        null,
        1,
        1,
        1,
        1,
        1,
        1,
        1,
        null,
        null,
        1,
        1,
        1,
        1,
        1,
        1,
        1,
        null,
        null,
        1,
        1,
        1,
        1,
        1,
        1,
        1,
        null,
        null,
        null,
        1,
        1,
        1,
        1,
        1,
        null,
        1,
        1,
        1,
        1,
        null,
        1,
        1,
        1,
        1,
        1,
        null,
        null,
        null
      ],
      "/Users/Dalton/Documents/Homework/Fall_2015/CS_169/Tempo/app/tempo/spec/requests/users/get_and_set_user_custom_activities_spec.rb": [
        1,
        null,
        null,
        null,
        1,
        null,
        1,
        null,
        1,
        1,
        1,
        1,
        1,
        null,
        1,
        1,
        1,
        1,
        1,
        1,
        null,
        null,
        1,
        1,
        1,
        1,
        1,
        1,
        1,
        null,
        null,
        1,
        1,
        1,
        1,
        1,
        null,
        null,
        1,
        1,
        1,
        1,
        1,
        1,
        null,
        1,
        1,
        1,
        null,
        null,
        1,
        1,
        1,
        1,
        1,
        1,
        null,
        null,
        1,
        1,
        1,
        1,
        1,
        1,
        null,
        null,
        1,
        1,
        1,
        1,
        1,
        1,
        null,
        null,
        null
      ],
      "/Users/Dalton/Documents/Homework/Fall_2015/CS_169/Tempo/app/tempo/spec/requests/users/get_and_set_user_interests_spec.rb": [
        1,
        null,
        null,
        null,
        1,
        null,
        1,
        null,
        1,
        1,
        1,
        1,
        1,
        null,
        1,
        1,
        1,
        1,
        1,
        1,
        null,
        null,
        1,
        1,
        1,
        1,
        1,
        1,
        1,
        null,
        null,
        1,
        1,
        1,
        1,
        1,
        null,
        null,
        1,
        1,
        1,
        1,
        1,
        null,
        null,
        1,
        1,
        1,
        1,
        1,
        null,
        1,
        1,
        2,
        null,
        null,
        null,
        1,
        1,
        1,
        1,
        1,
        1,
        1,
        null,
        null,
        1,
        1,
        1,
        1,
        1,
        1,
        null,
        1,
        1,
        2,
        null,
        null,
        1,
        null,
        null,
        1,
        1,
        1,
        1,
        1,
        null,
        null,
        1,
        1,
        1,
        1,
        1,
        null,
        null,
        1,
        1,
        1,
        1,
        1,
        null,
        null,
        1,
        1,
        1,
        1,
        1,
        1,
        null,
        null,
        1,
        1,
        1,
        1,
        1,
        null,
        null,
        null
      ],
      "/Users/Dalton/Documents/Homework/Fall_2015/CS_169/Tempo/app/tempo/spec/requests/users/user_account_creation_spec.rb": [
        1,
        null,
        null,
        null,
        1,
        null,
        1,
        1,
        1,
        null,
        1,
        1,
        1,
        null,
        1,
        1,
        1,
        1,
        1,
        1,
        1,
        1,
        1,
        null,
        1,
        1,
        1,
        1,
        null,
        null,
        null,
        1,
        null,
        1,
        1,
        1,
        1,
        1,
        1,
        null,
        null,
        1,
        1,
        1,
        1,
        1,
        1,
        null,
        null,
        1,
        1,
        1,
        1,
        1,
        1,
        null,
        null,
        1,
        1,
        1,
        1,
        1,
        1,
        null,
        null,
        1,
        1,
        1,
        1,
        1,
        1,
        null,
        null,
        1,
        1,
        1,
        1,
        1,
        1,
        null,
        null,
        null,
        1,
        1,
        1,
        null,
        1,
        1,
        1,
        null,
        null,
        null,
        1,
        1,
        1,
        null,
        1,
        1,
        1,
        null,
        null,
        null,
        1,
        1,
        1,
        1,
        1,
        1,
        null,
        1,
        1,
        1,
        1,
        1,
        null,
        1,
        1,
        1,
        1,
        1,
        null,
        1,
        1,
        1,
        1,
        1,
        null,
        1,
        1,
        1,
        1,
        1,
        null,
        1,
        1,
        1,
        1,
        1,
        null,
        1,
        1,
        1,
        1,
        1,
        null,
        1,
        1,
        1,
        1,
        1,
        null,
        null,
        null,
        1,
        1,
        1,
        1,
        1,
        1,
        null,
        null
      ],
      "/Users/Dalton/Documents/Homework/Fall_2015/CS_169/Tempo/app/tempo/spec/requests/users/user_logout_spec.rb": [
        1,
        null,
        null,
        null,
        1,
        null,
        1,
        null,
        1,
        1,
        1,
        1,
        1,
        1,
        1,
        null,
        1,
        1,
        1,
        1,
        1,
        null,
        null,
        1,
        1,
        1,
        1,
        1,
        null,
        null
      ],
      "/Users/Dalton/Documents/Homework/Fall_2015/CS_169/Tempo/app/tempo/spec/requests/users/user_password_changing_spec.rb": [
        1,
        null,
        null,
        null,
        1,
        null,
        1,
        null,
        1,
        1,
        1,
        1,
        1,
        null,
        1,
        1,
        1,
        1,
        null,
        null,
        1,
        1,
        1,
        1,
        1,
        null,
        null,
        1,
        1,
        1,
        1,
        1,
        null,
        null,
        1,
        1,
        1,
        1,
        1,
        null,
        null,
        1,
        1,
        1,
        1,
        1,
        null,
        null,
        1,
        1,
        1,
        1,
        1,
        1,
        null,
        null,
        1,
        1,
        1,
        1,
        1,
        null,
        null,
        1,
        1,
        1,
        1,
        1,
        null,
        null,
        1,
        1,
        1,
        1,
        1,
        null,
        null,
        1,
        1,
        1,
        1,
        1,
        null,
        null
      ],
      "/Users/Dalton/Documents/Homework/Fall_2015/CS_169/Tempo/app/tempo/spec/requests/users/user_sign_in_spec.rb": [
        1,
        null,
        null,
        null,
        1,
        null,
        1,
        1,
        1,
        1,
        1,
        1,
        null,
        1,
        1,
        null,
        1,
        1,
        1,
        1,
        1,
        null,
        null,
        null,
        1,
        1,
        1,
        1,
        1,
        1,
        null,
        1,
        1,
        null,
        1,
        1,
        1,
        1,
        1,
        null,
        null,
        null,
        1,
        1,
        1,
        1,
        1,
        1,
        null,
        1,
        1,
        1,
        null,
        1,
        1,
        1,
        1,
        1,
        null,
        null,
        null,
        1,
        1,
        1,
        1,
        1,
        1,
        null,
        1,
        1,
        1,
        null,
        1,
        1,
        1,
        1,
        1,
        null,
        1,
        1,
        1,
        1,
        1,
        null,
        1,
        1,
        1,
        1,
        1,
        null,
        1,
        1,
        1,
        1,
        1,
        null,
        1,
        1,
        1,
        1,
        1,
        null,
        1,
        1,
        1,
        1,
        1,
        null,
        null
      ],
      "/Users/Dalton/Documents/Homework/Fall_2015/CS_169/Tempo/app/tempo/spec/requests/users/users_basic_spec.rb": [
        1,
        null,
        1,
        null,
        null,
        null,
        null,
        null,
        1,
        null,
        1,
        1,
        1,
        1,
        1,
        null,
        1,
        1,
        null,
        null,
        1,
        1,
        1,
        1,
        1,
        null,
        null,
        1,
        1,
        1,
        1,
        null,
        null,
        1,
        1,
        1,
        1,
        1,
        null,
        null,
        1,
        1,
        1,
        1,
        1,
        null,
        null,
        1,
        1,
        1,
        1,
        1,
        null,
        null,
        1,
        1,
        1,
        1,
        1,
        null,
        null,
        1,
        1,
        1,
        1,
        1,
        null,
        null,
        null,
        1,
        null,
        1,
        1,
        1,
        1,
        1,
        null,
        1,
        1,
        null,
        null,
        1,
        1,
        1,
        1,
        null,
        null,
        1,
        1,
        1,
        1,
        1,
        null,
        null,
        1,
        1,
        1,
        1,
        null,
        null,
        1,
        1,
        1,
        1,
        null,
        null,
        1,
        1,
        1,
        1,
        null,
        null,
        null,
        1,
        null,
        1,
        1,
        1,
        1,
        1,
        null,
        null,
        1,
        1,
        1,
        1,
        1,
        null,
        null,
        1,
        1,
        1,
        1,
        null,
        null,
        1,
        1,
        null,
        null,
        null,
        1,
        null,
        1,
        1,
        1,
        1,
        1,
        null,
        1,
        1,
        1,
        null,
        null,
        1,
        1,
        1,
        1,
        1,
        1,
        null,
        null,
        1,
        1,
        1,
        1,
        1,
        null,
        null,
        1,
        1,
        1,
        1,
        1,
        null,
        null,
        1,
        1,
        1,
        1,
        1,
        null,
        null,
        1,
        1,
        1,
        1,
        1,
        null,
        null,
        null
      ],
      "/Users/Dalton/Documents/Homework/Fall_2015/CS_169/Tempo/app/tempo/spec/requests/verify_token_spec.rb": [
        1,
        null,
        null,
        null,
        1,
        null,
        1,
        1,
        1,
        1,
        1,
        1,
        null,
        1,
        1,
        null,
        1,
        1,
        1,
        1,
        1,
        null,
        1,
        1,
        null,
        1,
        1,
        1,
        1,
        null,
        null,
        1,
        1,
        1,
        1,
        1,
        null,
        null,
        null,
        1,
        1,
        1,
        null,
        1,
        1,
        1,
        1,
        null,
        null,
        null,
        1,
        1,
        null,
        1,
        1,
        1,
        1,
        null,
        null
      ],
      "/Users/Dalton/Documents/Homework/Fall_2015/CS_169/Tempo/app/tempo/app/controllers/tempo_controller.rb": [
        1,
        null,
        null,
        null,
        null,
        1,
        null,
        null,
        null
      ],
      "/Users/Dalton/Documents/Homework/Fall_2015/CS_169/Tempo/app/tempo/app/controllers/application_controller.rb": [
        1,
        null,
        null,
        null,
        null,
        1,
        null,
        null,
        1,
        1,
        null,
        null,
        null,
        1,
        1,
        157,
        null,
        null,
        1,
        157,
        null,
        null,
        1,
        120,
        null,
        null,
        1,
        33,
        null,
        null,
        1,
        157,
        null,
        null,
        null,
        1,
        null,
        null,
        null,
        null,
        1,
        18,
        null,
        18,
        29,
        null,
        29,
        37,
        37,
        null,
        null,
        null,
        18,
        null,
        null,
        null,
        null,
        1,
        107,
        11,
        null,
        null,
        96,
        95,
        null,
        1,
        null,
        null,
        null,
        null
      ],
      "/Users/Dalton/Documents/Homework/Fall_2015/CS_169/Tempo/app/tempo/app/controllers/users_controller.rb": [
        1,
        1,
        null,
        null,
        null,
        null,
        null,
        null,
        null,
        null,
        null,
        1,
        110,
        110,
        null,
        110,
        110,
        96,
        null,
        96,
        6,
        null,
        null,
        96,
        96,
        96,
        96,
        96,
        null,
        14,
        14,
        null,
        null,
        110,
        110,
        null,
        110,
        220,
        null,
        null,
        null,
        null,
        null,
        null,
        1,
        4,
        4,
        4,
        null,
        4,
        1,
        1,
        1,
        null,
        3,
        null,
        null,
        4,
        3,
        null,
        null,
        4,
        4,
        null,
        4,
        null,
        8,
        null,
        null,
        null,
        null,
        null,
        null,
        1,
        2,
        2,
        2,
        2,
        2,
        2,
        null,
        2,
        1,
        1,
        1,
        1,
        1,
        null,
        null,
        1,
        null,
        1,
        null,
        null,
        2,
        1,
        null,
        null,
        2,
        2,
        null,
        2,
        null,
        4,
        null,
        null,
        null,
        null,
        null,
        null,
        null,
        null,
        1,
        3,
        3,
        3,
        3,
        null,
        3,
        2,
        1,
        1,
        null,
        1,
        null,
        null,
        1,
        null,
        null,
        3,
        null,
        3,
        2,
        null,
        null,
        3,
        null,
        3,
        null,
        6,
        null,
        null,
        null,
        null,
        null,
        null,
        null,
        1,
        6,
        6,
        6,
        6,
        6,
        6,
        6,
        6,
        null,
        6,
        5,
        4,
        3,
        1,
        null,
        2,
        null,
        null,
        1,
        null,
        null,
        1,
        1,
        null,
        null,
        1,
        null,
        null,
        6,
        5,
        null,
        null,
        6,
        6,
        null,
        6,
        12,
        null,
        null,
        null,
        null,
        null,
        null,
        null,
        null,
        1,
        6,
        6,
        6,
        6,
        6,
        6,
        null,
        6,
        4,
        null,
        3,
        1,
        1,
        1,
        1,
        null,
        null,
        null,
        null,
        3,
        1,
        1,
        1,
        1,
        null,
        null,
        null,
        3,
        3,
        null,
        1,
        1,
        null,
        null,
        2,
        null,
        null,
        6,
        3,
        null,
        null,
        6,
        6,
        null,
        6,
        12,
        null,
        null,
        null,
        null,
        null,
        null,
        null,
        1,
        16,
        16,
        16,
        16,
        16,
        null,
        16,
        15,
        13,
        13,
        null,
        13,
        1,
        null,
        12,
        12,
        null,
        null,
        2,
        2,
        null,
        null,
        1,
        null,
        null,
        16,
        3,
        null,
        null,
        16,
        16,
        null,
        16,
        null,
        32,
        null,
        null,
        null,
        null,
        null,
        null,
        null,
        1,
        8,
        8,
        8,
        8,
        null,
        8,
        7,
        5,
        null,
        5,
        2,
        2,
        null,
        3,
        3,
        null,
        null,
        2,
        2,
        null,
        null,
        1,
        null,
        null,
        8,
        3,
        null,
        null,
        8,
        8,
        null,
        8,
        null,
        16,
        null,
        null,
        null,
        null,
        null,
        null,
        null,
        1,
        5,
        5,
        5,
        5,
        5,
        5,
        5,
        5,
        null,
        5,
        5,
        4,
        null,
        4,
        1,
        null,
        null,
        4,
        4,
        4,
        null,
        4,
        5,
        5,
        5,
        5,
        5,
        null,
        null,
        null,
        1,
        1,
        null,
        null,
        null,
        5,
        4,
        null,
        1,
        null,
        null,
        5,
        5,
        null,
        5,
        10,
        null,
        null,
        null,
        null,
        null,
        null,
        1,
        6,
        6,
        6,
        6,
        null,
        6,
        5,
        3,
        3,
        3,
        2,
        1,
        null,
        null,
        3,
        3,
        3,
        null,
        3,
        1,
        1,
        1,
        null,
        null,
        null,
        3,
        null,
        2,
        2,
        null,
        null,
        1,
        null,
        null,
        6,
        3,
        null,
        null,
        6,
        6,
        null,
        6,
        12,
        null,
        null,
        null,
        null,
        null,
        null,
        1,
        6,
        6,
        6,
        6,
        null,
        6,
        5,
        3,
        3,
        3,
        2,
        1,
        null,
        null,
        3,
        null,
        3,
        3,
        null,
        3,
        1,
        1,
        1,
        null,
        null,
        null,
        3,
        null,
        2,
        2,
        null,
        null,
        1,
        null,
        null,
        6,
        3,
        null,
        null,
        6,
        6,
        null,
        6,
        12,
        null,
        null,
        null,
        1,
        null,
        1,
        159,
        49,
        null,
        null,
        null,
        null,
        1,
        112,
        null,
        null
      ],
      "/Users/Dalton/Documents/Homework/Fall_2015/CS_169/Tempo/app/tempo/app/models/user.rb": [
        null,
        null,
        null,
        null,
        null,
        null,
        null,
        null,
        null,
        null,
        null,
        null,
        null,
        null,
        null,
        null,
        null,
        null,
        null,
        null,
        null,
        1,
        null,
        1,
        1,
        1,
        null,
        null,
        1,
        1,
        null,
        null,
        1,
        1,
        1,
        null,
        1,
        1,
        1,
        null,
        null,
        1,
        null,
        null,
        1,
        null,
        null,
        1,
        5,
        null,
        5,
        2,
        null,
        null,
        5,
        null,
        null,
        null,
        1,
        13,
        null,
        13,
        2,
        null,
        null,
        13,
        null,
        null,
        null,
        1,
        40,
        40,
        40,
        null,
        null,
        null,
        1,
        3,
        1,
        1,
        null,
        2,
        null,
        null,
        null,
        null,
        null,
        1,
        132,
        132,
        null,
        null,
        null,
        null,
        1,
        130,
        130,
        130,
        130,
        null,
        null,
        null,
        null,
        1,
        111,
        111,
        null,
        null,
        111,
        null,
        111,
        null,
        null,
        null,
        null,
        1,
        null,
        140,
        null,
        140,
        14,
        null,
        null,
        126,
        126,
        null,
        126,
        126,
        null,
        null,
        null,
        null,
        null,
        null,
        1,
        null,
        1,
        1,
        null,
        null,
        1,
        null,
        111,
        111,
        null,
        null,
        111,
        null,
        null,
        null,
        null,
        1,
        140,
        null,
        140,
        null,
        null,
        0,
        null,
        null,
        1,
        null,
        null,
        13,
        null,
        null,
        140,
        null,
        null,
        null,
        null,
        null,
        null,
        1,
        103,
        null,
        103,
        103,
        null,
        null,
        null,
        1,
        103,
        null,
        null,
        1,
        null,
        null,
        1,
        103,
        103,
        null,
        null,
        null,
        1,
        269,
        null,
        null,
        null
      ],
      "/Users/Dalton/Documents/Homework/Fall_2015/CS_169/Tempo/app/tempo/app/models/interest.rb": [
        null,
        null,
        null,
        null,
        null,
        null,
        null,
        null,
        null,
        null,
        1,
        null,
        1,
        1,
        null,
        null,
        1,
        1,
        null,
        null,
        1,
        5,
        null,
        5,
        4,
        null,
        null,
        5,
        null,
        null,
        null,
        1,
        1,
        null,
        null,
        null
      ],
      "/Users/Dalton/Documents/Homework/Fall_2015/CS_169/Tempo/app/tempo/app/models/custom_activity.rb": [
        null,
        null,
        null,
        null,
        null,
        null,
        null,
        null,
        null,
        null,
        null,
        null,
        null,
        1,
        null,
        1,
        null,
        null,
        1,
        1,
        null,
        1,
        null,
        null,
        null,
        1,
        6,
        6,
        null,
        null,
        null,
        null,
        null,
        null,
        1,
        2,
        null,
        2,
        2,
        null,
        2,
        1,
        null,
        1,
        null,
        null,
        null,
        2,
        null,
        null,
        null
      ],
      "/Users/Dalton/Documents/Homework/Fall_2015/CS_169/Tempo/app/tempo/app/controllers/sessions_controller.rb": [
        1,
        1,
        1,
        null,
        null,
        1,
        45,
        null,
        null,
        null,
        null,
        null,
        null,
        null,
        null,
        null,
        1,
        23,
        23,
        23,
        23,
        23,
        23,
        23,
        23,
        23,
        23,
        23,
        null,
        23,
        null,
        1,
        null,
        null,
        23,
        null,
        10,
        null,
        null,
        12,
        null,
        null,
        1,
        null,
        null,
        23,
        null,
        21,
        null,
        15,
        15,
        15,
        null,
        null,
        6,
        null,
        null,
        null,
        23,
        null,
        23,
        null,
        15,
        15,
        15,
        null,
        null,
        8,
        null,
        null,
        23,
        23,
        46,
        null,
        null,
        null,
        null,
        null,
        null,
        null,
        1,
        20,
        20,
        20,
        20,
        null,
        20,
        19,
        19,
        18,
        18,
        18,
        null,
        1,
        null,
        null,
        1,
        null,
        null,
        20,
        null,
        20,
        null,
        2,
        null,
        null,
        20,
        20,
        40,
        null,
        null,
        null,
        null,
        null,
        null,
        null,
        null,
        null,
        1,
        2,
        2,
        2,
        2,
        2,
        2,
        null,
        2,
        1,
        null,
        1,
        null,
        null,
        2,
        2,
        null,
        2,
        4,
        null,
        null,
        null
      ],
      "/Users/Dalton/Documents/Homework/Fall_2015/CS_169/Tempo/app/tempo/app/controllers/activities_controller.rb": [
        1,
        1,
        null,
        null,
        null,
        null,
        1,
        null,
        null,
        null,
        null,
        null,
        null,
        1,
        34,
        34,
        34,
        null,
        34,
        34,
        33,
        33,
        33,
        null,
        1,
        1,
        null,
        null,
        34,
        34,
        null,
        34,
        68,
        null,
        null,
        null,
        null,
        null,
        null,
        1,
        3,
        3,
        3,
        3,
        3,
        null,
        3,
        2,
        1,
        1,
        null,
        1,
        null,
        null,
        1,
        null,
        null,
        3,
        2,
        null,
        null,
        3,
        3,
        null,
        3,
        6,
        null,
        null,
        null,
        null,
        null,
        null,
        null,
        1,
        3,
        3,
        3,
        null,
        3,
        2,
        2,
        null,
        1,
        null,
        null,
        3,
        1,
        null,
        null,
        3,
        3,
        null,
        3,
        6,
        null,
        null,
        null,
        null,
        null,
        null,
        null,
        1,
        2,
        2,
        2,
        null,
        2,
        1,
        1,
        null,
        1,
        null,
        null,
        2,
        1,
        null,
        null,
        2,
        2,
        null,
        2,
        4,
        null,
        null,
        null,
        null,
        null,
        null,
        null,
        null,
        null,
        null,
        null,
        null,
        1,
        8,
        8,
        8,
        8,
        8,
        8,
        8,
        8,
        8,
        8,
        null,
        8,
        8,
        null,
        8,
        null,
        2,
        2,
        2,
        null,
        null,
        null,
        8,
        3,
        3,
        3,
        3,
        null,
        5,
        5,
        null,
        null,
        8,
        8,
        null,
        8,
        16,
        null,
        null,
        null,
        null,
        null,
        null,
        null,
        1,
        2,
        2,
        2,
        2,
        2,
        null,
        2,
        1,
        1,
        1,
        null,
        1,
        null,
        null,
        2,
        1,
        null,
        null,
        2,
        2,
        null,
        2,
        4,
        null,
        null,
        null,
        null,
        null,
        null,
        null,
        1,
        6,
        6,
        6,
        6,
        6,
        null,
        6,
        5,
        5,
        5,
        null,
        1,
        null,
        null,
        6,
        1,
        null,
        null,
        6,
        6,
        null,
        6,
        12,
        null,
        null,
        null,
        null,
        null,
        null,
        1,
        6,
        6,
        6,
        6,
        6,
        6,
        6,
        null,
        6,
        5,
        4,
        1,
        1,
        1,
        1,
        1,
        null,
        1,
        1,
        1,
        1,
        1,
        1,
        1,
        null,
        2,
        2,
        2,
        2,
        2,
        null,
        null,
        4,
        4,
        4,
        null,
        null,
        1,
        null,
        null,
        1,
        1,
        null,
        null,
        6,
        2,
        null,
        null,
        6,
        6,
        null,
        6,
        12,
        null,
        null,
        null,
        null,
        null,
        null,
        1,
        7,
        7,
        7,
        7,
        7,
        7,
        7,
        null,
        7,
        6,
        5,
        1,
        1,
        1,
        1,
        1,
        null,
        1,
        1,
        1,
        1,
        1,
        1,
        1,
        null,
        3,
        3,
        3,
        3,
        3,
        null,
        null,
        5,
        5,
        5,
        null,
        null,
        1,
        null,
        null,
        1,
        1,
        null,
        null,
        7,
        2,
        null,
        null,
        7,
        7,
        null,
        7,
        14,
        null,
        null,
        null,
        null,
        null,
        null,
        1,
        6,
        6,
        6,
        6,
        null,
        6,
        6,
        null,
        6,
        5,
        3,
        2,
        2,
        null,
        2,
        2,
        2,
        2,
        null,
        null,
        null,
        1,
        null,
        null,
        2,
        2,
        null,
        null,
        1,
        null,
        null,
        6,
        4,
        null,
        null,
        6,
        6,
        null,
        6,
        12,
        null,
        null,
        null,
        1,
        null,
        1,
        33,
        33,
        33,
        7,
        7,
        null,
        null,
        null,
        null,
        null,
        1,
        36,
        null,
        null
      ],
      "/Users/Dalton/Documents/Homework/Fall_2015/CS_169/Tempo/app/tempo/app/models/activity.rb": [
        1,
        null,
        null,
        null,
        null,
        null,
        null,
        null,
        null,
        null,
        null,
        null,
        null,
        null,
        null,
        null,
        null,
        null,
        1,
        null,
        1,
        null,
        null,
        1,
        1,
        1,
        1,
        1,
        null,
        1,
        null,
        null,
        null,
        null,
        null,
        1,
        8,
        null,
        8,
        6,
        null,
        null,
        6,
        2,
        null,
        null,
        8,
        4,
        null,
        null,
        8,
        6,
        6,
        null,
        null,
        8,
        null,
        null,
        null,
        1,
        6,
        6,
        6,
        6,
        null,
        6,
        0,
        null,
        null,
        6,
        6,
        null,
        null,
        null,
        1,
        1,
        null,
        null,
        null,
        1,
        0,
        null,
        0,
        0,
        0,
        null,
        null,
        null,
        null,
        1,
        0,
        0,
        null,
        0,
        0,
        null,
        0,
        null,
        null,
        null,
        1,
        0,
        0,
        null,
        0,
        0,
        0,
        0,
        null,
        null,
        0,
        null,
        null,
        null,
        1,
        null,
        null,
        null,
        1,
        null,
        null,
        null,
        1,
        1,
        1,
        null,
        1,
        null,
        0,
        0,
        0,
        0,
        0,
        null,
        null,
        0,
        0,
        0,
        0,
        0,
        null,
        null,
        0,
        0,
        0,
        0,
        0,
        0,
        0,
        null,
        0,
        0,
        null,
        null,
        0,
        null,
        null,
        null,
        null,
        1,
        null,
        1,
        1,
        1,
        1,
        null,
        1,
        0,
        0,
        0,
        null,
        null,
        0,
        0,
        0,
        0,
        0,
        0,
        0,
        0,
        null,
        null,
        0,
        0,
        0,
        0,
        null,
        0,
        0,
        0,
        0,
        0,
        0,
        null,
        0,
        0,
        null,
        null,
        null,
        null,
        0,
        0,
        null,
        0,
        0,
        null,
        0,
        0,
        0,
        0,
        0,
        null,
        0,
        0,
        null,
        null,
        null,
        0,
        null,
        null,
        null,
        null,
        1,
        null,
        1,
        0,
        0,
        0,
        0,
        0,
        0,
        null,
        0,
        0,
        0,
        null,
        0,
        null,
        null,
        0,
        null,
        null,
        1,
        0,
        0,
        null,
        null,
        1,
        0,
        0,
        0,
        0,
        0,
        null,
        0,
        null,
        null,
        null,
        null,
        null,
        null,
        null
      ],
      "/Users/Dalton/Documents/Homework/Fall_2015/CS_169/Tempo/app/tempo/app/controllers/interests_controller.rb": [
        1,
        1,
        null,
        null,
        null,
        null,
        null,
        null,
        null,
        1,
        11,
        11,
        11,
        null,
        11,
        11,
        10,
        10,
        10,
        null,
        1,
        1,
        null,
        null,
        11,
        11,
        null,
        11,
        22,
        null,
        null,
        null,
        null,
        null,
        null,
        1,
        3,
        3,
        3,
        3,
        3,
        null,
        3,
        2,
        1,
        1,
        null,
        1,
        null,
        null,
        1,
        null,
        null,
        3,
        2,
        null,
        null,
        3,
        3,
        null,
        3,
        6,
        null,
        null,
        null,
        null,
        null,
        null,
        1,
        2,
        2,
        2,
        null,
        2,
        1,
        1,
        null,
        1,
        null,
        null,
        2,
        1,
        null,
        null,
        2,
        2,
        null,
        2,
        4,
        null,
        null,
        null,
        null,
        null,
        null,
        1,
        5,
        5,
        5,
        5,
        null,
        5,
        2,
        2,
        null,
        3,
        3,
        null,
        null,
        5,
        5,
        null,
        5,
        null,
        10,
        null,
        null,
        null,
        null,
        null,
        null,
        null,
        1,
        2,
        2,
        2,
        null,
        2,
        1,
        1,
        null,
        1,
        null,
        null,
        2,
        1,
        null,
        null,
        2,
        2,
        null,
        2,
        4,
        null,
        null,
        null,
        null,
        null,
        null,
        null,
        1,
        2,
        2,
        2,
        2,
        null,
        2,
        1,
        1,
        1,
        1,
        null,
        1,
        null,
        1,
        null,
        null,
        2,
        1,
        null,
        null,
        2,
        2,
        null,
        2,
        4,
        null,
        null,
        null,
        1,
        null,
        1,
        7,
        7,
        null,
        null,
        null,
        null,
        1,
        13,
        null,
        null
      ],
      "/Users/Dalton/Documents/Homework/Fall_2015/CS_169/Tempo/app/tempo/app/controllers/custom_activities_controller.rb": [
        1,
        1,
        null,
        null,
        null,
        null,
        null,
        1,
        44,
        44,
        44,
        44,
        44,
        44,
        44,
        null,
        44,
        43,
        41,
        40,
        40,
        40,
        40,
        null,
        1,
        null,
        null,
        2,
        2,
        null,
        null,
        1,
        null,
        null,
        44,
        null,
        44,
        4,
        null,
        null,
        44,
        null,
        44,
        88,
        null,
        null,
        null,
        null,
        null,
        null,
        null,
        1,
        7,
        7,
        7,
        7,
        7,
        7,
        7,
        7,
        null,
        7,
        6,
        4,
        3,
        2,
        1,
        1,
        null,
        1,
        null,
        null,
        1,
        null,
        null,
        1,
        null,
        null,
        2,
        2,
        null,
        null,
        1,
        null,
        null,
        7,
        null,
        7,
        6,
        null,
        null,
        7,
        null,
        7,
        14,
        null,
        null,
        null,
        null,
        null,
        null,
        null,
        1,
        2,
        2,
        2,
        2,
        2,
        null,
        2,
        1,
        1,
        2,
        2,
        2,
        null,
        null,
        1,
        null,
        1,
        null,
        null,
        2,
        1,
        null,
        null,
        2,
        2,
        null,
        2,
        null,
        4,
        null,
        null,
        null,
        null,
        null,
        null,
        null,
        1,
        7,
        7,
        7,
        7,
        7,
        7,
        7,
        7,
        null,
        7,
        6,
        4,
        3,
        2,
        2,
        null,
        1,
        null,
        null,
        1,
        null,
        null,
        2,
        2,
        null,
        null,
        1,
        null,
        null,
        7,
        5,
        null,
        null,
        7,
        7,
        null,
        7,
        14,
        null,
        null,
        null,
        null,
        null,
        null,
        1,
        6,
        6,
        6,
        6,
        null,
        6,
        6,
        null,
        6,
        5,
        3,
        2,
        2,
        null,
        2,
        2,
        2,
        2,
        null,
        null,
        null,
        1,
        null,
        null,
        2,
        2,
        null,
        null,
        1,
        null,
        null,
        6,
        4,
        null,
        null,
        6,
        6,
        null,
        6,
        12,
        null,
        null,
        null,
        null,
        null,
        null,
        1,
        5,
        5,
        5,
        5,
        5,
        5,
        5,
        null,
        5,
        4,
        3,
        null,
        3,
        2,
        2,
        null,
        1,
        null,
        null,
        1,
        1,
        null,
        null,
        1,
        null,
        null,
        5,
        3,
        null,
        null,
        5,
        5,
        null,
        5,
        10,
        null,
        null,
        null,
        null,
        null,
        null,
        null,
        null,
        1,
        null,
        1,
        20,
        20,
        20,
        15,
        15,
        null,
        null,
        null,
        null,
        null,
        1,
        46,
        null,
        null
      ]
    },
    "timestamp": 1448423309
  }
}
